{"uid":"cb0c95dfbb2ec79","name":"test_Profile_Individual_Flyer_EditServiceLocation","fullName":"tests.test_suite_demo.ProfileTest#test_Profile_Individual_Flyer_EditServiceLocation","historyId":"d1516c52a340026e75be8be2d4d52994","time":{"start":1660127786947,"stop":1660127881002,"duration":94055},"status":"failed","statusMessage":"AssertionError: Navigation to profile page failed","statusTrace":"self = <tests.test_profile.ProfileTest testMethod=test_Profile_Individual_Flyer_EditServiceLocation>\n\n    @allure.story('Profile')  # epic/story of the test case\n    # @allure.severity(allure.severity_level.MINOR) # severity of the test case\n    # @pytestrail.case('C48') # test case if on TestRail\n    def test_Profile_Individual_Flyer_EditServiceLocation(self):\n        self.homeNavigation = HomeNavigation(self.driver)\n        self.loggedInNavigation = LoggedInNavigation(self.driver)\n        self.profileNavigation = ProfileNavigation(self.driver)\n        self.loginPage = LoginPage(self.driver)\n        self.loggedInPage = LoggedInPage(self.driver)\n        self.profilePage = ProfilePage(self.driver)\n        self.ts = TestStatus(self.driver)\n    \n        with allure.step('Waiting for homepage to completely load'):\n            self.ts.markFinal(self.page_has_loaded(), \"Homepage loaded completely\", \"Homepage not loaded completely\")\n    \n        with allure.step('Navigate to login page'):\n            self.homeNavigation.goToLoginPage()\n            self.ts.markFinal(self.loginPage.isAt, \"Navigation to login page\", \"Navigation to login page failed\")\n    \n        with allure.step('Login with IndividualAccount credentials'):\n            self.loginPage.loginAndRefresh(username=td.testData(\"loginData.individual.username\"), password=td.testData(\"loginData.individual.password\"))\n            self.ts.markFinal(self.loggedInPage.isAt, \"Login with IndividualAccount successful\", \"Login with IndividualAccount failed\")\n    \n        with allure.step('Navigate to Profile Page'):\n            self.loggedInNavigation.goToProfilePage()\n>           self.ts.markFinal(self.profilePage.isAt, \"Navigation to profile page\", \"Navigation to profile page failed\")\n\ntests/test_profile.py:132: \n_ _ _ _ _ _ _ _ _ _ _ _ _ _ _ _ _ _ _ _ _ _ _ _ _ _ _ _ _ _ _ _ _ _ _ _ _ _ _ _ \n\nself = <utilities.teststatus.TestStatus object at 0x7f545c6dd4e0>\nresult = False, passResultMessage = 'Navigation to profile page'\nfailResultMessage = 'Navigation to profile page failed'\n\n    def markFinal(self, result, passResultMessage, failResultMessage):\n        \"\"\"\n        Mark the final result of the verification point in a test case\n        This needs to be called at least once in a test case\n        This should be final test status of the test case\n        \"\"\"\n        self.setResult(result, passResultMessage, failResultMessage)\n        if \"FAIL\" in self.resultList:\n            self.resultList.clear()\n>           assert False, failResultMessage\nE           AssertionError: Navigation to profile page failed\n\nutilities/teststatus.py:55: AssertionError","flaky":false,"newFailed":true,"newBroken":false,"newPassed":false,"retriesCount":0,"retriesStatusChange":false,"beforeStages":[{"name":"_unittest_setUpClass_fixture_ProfileTest","time":{"start":1660127762560,"stop":1660127762560,"duration":0},"status":"passed","steps":[],"attachments":[],"parameters":[],"stepsCount":0,"attachmentsCount":0,"shouldDisplayMessage":false,"hasContent":false},{"name":"setUp","time":{"start":1660127762560,"stop":1660127786946,"duration":24386},"status":"passed","steps":[],"attachments":[],"parameters":[],"stepsCount":0,"attachmentsCount":0,"shouldDisplayMessage":false,"hasContent":false},{"name":"oneTimeSetUp","time":{"start":1660127762560,"stop":1660127762560,"duration":0},"status":"passed","steps":[],"attachments":[],"parameters":[],"stepsCount":0,"attachmentsCount":0,"shouldDisplayMessage":false,"hasContent":false}],"testStage":{"status":"failed","statusMessage":"AssertionError: Navigation to profile page failed","statusTrace":"self = <tests.test_profile.ProfileTest testMethod=test_Profile_Individual_Flyer_EditServiceLocation>\n\n    @allure.story('Profile')  # epic/story of the test case\n    # @allure.severity(allure.severity_level.MINOR) # severity of the test case\n    # @pytestrail.case('C48') # test case if on TestRail\n    def test_Profile_Individual_Flyer_EditServiceLocation(self):\n        self.homeNavigation = HomeNavigation(self.driver)\n        self.loggedInNavigation = LoggedInNavigation(self.driver)\n        self.profileNavigation = ProfileNavigation(self.driver)\n        self.loginPage = LoginPage(self.driver)\n        self.loggedInPage = LoggedInPage(self.driver)\n        self.profilePage = ProfilePage(self.driver)\n        self.ts = TestStatus(self.driver)\n    \n        with allure.step('Waiting for homepage to completely load'):\n            self.ts.markFinal(self.page_has_loaded(), \"Homepage loaded completely\", \"Homepage not loaded completely\")\n    \n        with allure.step('Navigate to login page'):\n            self.homeNavigation.goToLoginPage()\n            self.ts.markFinal(self.loginPage.isAt, \"Navigation to login page\", \"Navigation to login page failed\")\n    \n        with allure.step('Login with IndividualAccount credentials'):\n            self.loginPage.loginAndRefresh(username=td.testData(\"loginData.individual.username\"), password=td.testData(\"loginData.individual.password\"))\n            self.ts.markFinal(self.loggedInPage.isAt, \"Login with IndividualAccount successful\", \"Login with IndividualAccount failed\")\n    \n        with allure.step('Navigate to Profile Page'):\n            self.loggedInNavigation.goToProfilePage()\n>           self.ts.markFinal(self.profilePage.isAt, \"Navigation to profile page\", \"Navigation to profile page failed\")\n\ntests/test_profile.py:132: \n_ _ _ _ _ _ _ _ _ _ _ _ _ _ _ _ _ _ _ _ _ _ _ _ _ _ _ _ _ _ _ _ _ _ _ _ _ _ _ _ \n\nself = <utilities.teststatus.TestStatus object at 0x7f545c6dd4e0>\nresult = False, passResultMessage = 'Navigation to profile page'\nfailResultMessage = 'Navigation to profile page failed'\n\n    def markFinal(self, result, passResultMessage, failResultMessage):\n        \"\"\"\n        Mark the final result of the verification point in a test case\n        This needs to be called at least once in a test case\n        This should be final test status of the test case\n        \"\"\"\n        self.setResult(result, passResultMessage, failResultMessage)\n        if \"FAIL\" in self.resultList:\n            self.resultList.clear()\n>           assert False, failResultMessage\nE           AssertionError: Navigation to profile page failed\n\nutilities/teststatus.py:55: AssertionError","steps":[{"name":"Waiting for homepage to completely load","time":{"start":1660127786949,"stop":1660127795480,"duration":8531},"status":"passed","steps":[],"attachments":[{"uid":"a3d9ec7a7e28f650","name":"Homepage loaded completely.1660127787162.png","source":"a3d9ec7a7e28f650.png","type":"image/png","size":52402}],"parameters":[],"stepsCount":0,"attachmentsCount":1,"shouldDisplayMessage":false,"hasContent":true},{"name":"Navigate to login page","time":{"start":1660127795480,"stop":1660127842501,"duration":47021},"status":"passed","steps":[],"attachments":[{"uid":"8562604e32d345d1","name":"Navigation to login page.1660127825010.png","source":"8562604e32d345d1.png","type":"image/png","size":164992}],"parameters":[],"stepsCount":0,"attachmentsCount":1,"shouldDisplayMessage":false,"hasContent":true},{"name":"Login with IndividualAccount credentials","time":{"start":1660127842513,"stop":1660127856260,"duration":13747},"status":"passed","steps":[],"attachments":[{"uid":"836045b23d3b36d1","name":"Login with IndividualAccount successful.1660127855099.png","source":"836045b23d3b36d1.png","type":"image/png","size":23703}],"parameters":[],"stepsCount":0,"attachmentsCount":1,"shouldDisplayMessage":false,"hasContent":true},{"name":"Navigate to Profile Page","time":{"start":1660127856260,"stop":1660127880938,"duration":24678},"status":"failed","statusMessage":"AssertionError: Navigation to profile page failed\n","statusTrace":"  File \"/home/runner/work/FlyerrUIAutomation/FlyerrUIAutomation/tests/test_profile.py\", line 132, in test_Profile_Individual_Flyer_EditServiceLocation\n    self.ts.markFinal(self.profilePage.isAt, \"Navigation to profile page\", \"Navigation to profile page failed\")\n  File \"/home/runner/work/FlyerrUIAutomation/FlyerrUIAutomation/utilities/teststatus.py\", line 55, in markFinal\n    assert False, failResultMessage\n","steps":[],"attachments":[{"uid":"a47fe05b20540d18","name":"Navigation to profile page failed.1660127880531.png","source":"a47fe05b20540d18.png","type":"image/png","size":43424}],"parameters":[],"stepsCount":0,"attachmentsCount":1,"shouldDisplayMessage":true,"hasContent":true}],"attachments":[{"uid":"e00d2f5afd484bab","name":"log","source":"e00d2f5afd484bab.txt","type":"text/plain","size":3353},{"uid":"35820e9ef0e283ae","name":"stdout","source":"35820e9ef0e283ae.txt","type":"text/plain","size":100},{"uid":"c289087c592f5dd0","name":"stderr","source":"c289087c592f5dd0.txt","type":"text/plain","size":491}],"parameters":[],"stepsCount":4,"attachmentsCount":7,"shouldDisplayMessage":true,"hasContent":true},"afterStages":[{"name":"setUp::0","time":{"start":1660127881198,"stop":1660127881281,"duration":83},"status":"passed","steps":[],"attachments":[],"parameters":[],"stepsCount":0,"attachmentsCount":0,"shouldDisplayMessage":false,"hasContent":false},{"name":"oneTimeSetUp::0","time":{"start":1660127881286,"stop":1660127881286,"duration":0},"status":"passed","steps":[],"attachments":[],"parameters":[],"stepsCount":0,"attachmentsCount":0,"shouldDisplayMessage":false,"hasContent":false},{"name":"_unittest_setUpClass_fixture_ProfileTest::0","time":{"start":1660127881287,"stop":1660127881287,"duration":0},"status":"passed","steps":[],"attachments":[],"parameters":[],"stepsCount":0,"attachmentsCount":0,"shouldDisplayMessage":false,"hasContent":false}],"labels":[{"name":"story","value":"Profile"},{"name":"tag","value":"@pytest.mark.usefixtures('oneTimeSetUp', 'setUp')"},{"name":"parentSuite","value":"tests"},{"name":"suite","value":"test_suite_demo"},{"name":"subSuite","value":"ProfileTest"},{"name":"host","value":"fv-az465-373"},{"name":"thread","value":"2387-MainThread"},{"name":"framework","value":"pytest"},{"name":"language","value":"cpython3"},{"name":"package","value":"tests.test_suite_demo"},{"name":"resultFormat","value":"allure2"}],"parameters":[],"links":[],"hidden":false,"retry":false,"extra":{"severity":"normal","retries":[],"categories":[{"name":"Product defects","matchedStatuses":[],"flaky":false}],"history":{"statistic":{"failed":1,"broken":0,"skipped":0,"passed":2,"unknown":0,"total":3},"items":[{"uid":"34a1fd804dd23aed","reportUrl":"https://suresh-chunduru.github.io/FlyerrUIAutomation/21//#testresult/34a1fd804dd23aed","status":"passed","time":{"start":1660121426713,"stop":1660121540435,"duration":113722}},{"uid":"2c6334ecce63aa71","reportUrl":"https://suresh-chunduru.github.io/FlyerrUIAutomation/20//#testresult/2c6334ecce63aa71","status":"passed","time":{"start":1660120886107,"stop":1660120997415,"duration":111308}}]},"tags":["@pytest.mark.usefixtures('oneTimeSetUp', 'setUp')"]},"source":"cb0c95dfbb2ec79.json","parameterValues":[]}