{"uid":"27b8a90e4479020f","name":"test_Profile_Individual_Flyer_EditListingAndPackages","fullName":"tests.test_suite_demo.ProfileTest#test_Profile_Individual_Flyer_EditListingAndPackages","historyId":"ef053c67b68429830258aba4e4cbb923","time":{"start":1660120886058,"stop":1660120998081,"duration":112023},"status":"failed","statusMessage":"AssertionError: Navigation to profile page failed","statusTrace":"self = <tests.test_profile.ProfileTest testMethod=test_Profile_Individual_Flyer_EditListingAndPackages>\n\n    @allure.story('Profile')  # epic/story of the test case\n    # @allure.severity(allure.severity_level.MINOR) # severity of the test case\n    # @pytestrail.case('C48') # test case if on TestRail\n    def test_Profile_Individual_Flyer_EditListingAndPackages(self):\n        self.homeNavigation = HomeNavigation(self.driver)\n        self.loggedInNavigation = LoggedInNavigation(self.driver)\n        self.profileNavigation = ProfileNavigation(self.driver)\n        self.loginPage = LoginPage(self.driver)\n        self.loggedInPage = LoggedInPage(self.driver)\n        self.profilePage = ProfilePage(self.driver)\n        self.ts = TestStatus(self.driver)\n    \n        with allure.step('Waiting for homepage to completely load'):\n            self.ts.markFinal(self.page_has_loaded(), \"Homepage loaded completely\",\n                              \"Homepage not loaded completely\")\n    \n        with allure.step('Navigate to login page'):\n            self.homeNavigation.goToLoginPage()\n            self.ts.markFinal(self.loginPage.isAt, \"Navigation to login page\", \"Navigation to login page failed\")\n    \n        with allure.step('Login with IndividualAccount credentials'):\n            self.loginPage.loginAndRefresh(username=td.testData(\"loginData.individual.username\"),\n                                           password=td.testData(\"loginData.individual.password\"))\n            self.ts.markFinal(self.loggedInPage.isAt, \"Login with IndividualAccount successful\",\n                              \"Login with IndividualAccount failed\")\n    \n        with allure.step('Navigate to Profile Page'):\n            self.loggedInNavigation.goToProfilePage()\n>           self.ts.markFinal(self.profilePage.isAt, \"Navigation to profile page\",\n                              \"Navigation to profile page failed\")\n\ntests/test_profile.py:292: \n_ _ _ _ _ _ _ _ _ _ _ _ _ _ _ _ _ _ _ _ _ _ _ _ _ _ _ _ _ _ _ _ _ _ _ _ _ _ _ _ \n\nself = <utilities.teststatus.TestStatus object at 0x7fd2ed0462f0>\nresult = False, passResultMessage = 'Navigation to profile page'\nfailResultMessage = 'Navigation to profile page failed'\n\n    def markFinal(self, result, passResultMessage, failResultMessage):\n        \"\"\"\n        Mark the final result of the verification point in a test case\n        This needs to be called at least once in a test case\n        This should be final test status of the test case\n        \"\"\"\n        self.setResult(result, passResultMessage, failResultMessage)\n        if \"FAIL\" in self.resultList:\n            self.resultList.clear()\n>           assert False, failResultMessage\nE           AssertionError: Navigation to profile page failed\n\nutilities/teststatus.py:55: AssertionError","flaky":false,"newFailed":false,"newBroken":false,"newPassed":false,"retriesCount":0,"retriesStatusChange":false,"beforeStages":[{"name":"setUp","time":{"start":1660120873623,"stop":1660120886052,"duration":12429},"status":"passed","steps":[],"attachments":[],"parameters":[],"stepsCount":0,"attachmentsCount":0,"shouldDisplayMessage":false,"hasContent":false},{"name":"_unittest_setUpClass_fixture_ProfileTest","time":{"start":1660120873623,"stop":1660120873623,"duration":0},"status":"passed","steps":[],"attachments":[],"parameters":[],"stepsCount":0,"attachmentsCount":0,"shouldDisplayMessage":false,"hasContent":false},{"name":"oneTimeSetUp","time":{"start":1660120873623,"stop":1660120873623,"duration":0},"status":"passed","steps":[],"attachments":[],"parameters":[],"stepsCount":0,"attachmentsCount":0,"shouldDisplayMessage":false,"hasContent":false}],"testStage":{"status":"failed","statusMessage":"AssertionError: Navigation to profile page failed","statusTrace":"self = <tests.test_profile.ProfileTest testMethod=test_Profile_Individual_Flyer_EditListingAndPackages>\n\n    @allure.story('Profile')  # epic/story of the test case\n    # @allure.severity(allure.severity_level.MINOR) # severity of the test case\n    # @pytestrail.case('C48') # test case if on TestRail\n    def test_Profile_Individual_Flyer_EditListingAndPackages(self):\n        self.homeNavigation = HomeNavigation(self.driver)\n        self.loggedInNavigation = LoggedInNavigation(self.driver)\n        self.profileNavigation = ProfileNavigation(self.driver)\n        self.loginPage = LoginPage(self.driver)\n        self.loggedInPage = LoggedInPage(self.driver)\n        self.profilePage = ProfilePage(self.driver)\n        self.ts = TestStatus(self.driver)\n    \n        with allure.step('Waiting for homepage to completely load'):\n            self.ts.markFinal(self.page_has_loaded(), \"Homepage loaded completely\",\n                              \"Homepage not loaded completely\")\n    \n        with allure.step('Navigate to login page'):\n            self.homeNavigation.goToLoginPage()\n            self.ts.markFinal(self.loginPage.isAt, \"Navigation to login page\", \"Navigation to login page failed\")\n    \n        with allure.step('Login with IndividualAccount credentials'):\n            self.loginPage.loginAndRefresh(username=td.testData(\"loginData.individual.username\"),\n                                           password=td.testData(\"loginData.individual.password\"))\n            self.ts.markFinal(self.loggedInPage.isAt, \"Login with IndividualAccount successful\",\n                              \"Login with IndividualAccount failed\")\n    \n        with allure.step('Navigate to Profile Page'):\n            self.loggedInNavigation.goToProfilePage()\n>           self.ts.markFinal(self.profilePage.isAt, \"Navigation to profile page\",\n                              \"Navigation to profile page failed\")\n\ntests/test_profile.py:292: \n_ _ _ _ _ _ _ _ _ _ _ _ _ _ _ _ _ _ _ _ _ _ _ _ _ _ _ _ _ _ _ _ _ _ _ _ _ _ _ _ \n\nself = <utilities.teststatus.TestStatus object at 0x7fd2ed0462f0>\nresult = False, passResultMessage = 'Navigation to profile page'\nfailResultMessage = 'Navigation to profile page failed'\n\n    def markFinal(self, result, passResultMessage, failResultMessage):\n        \"\"\"\n        Mark the final result of the verification point in a test case\n        This needs to be called at least once in a test case\n        This should be final test status of the test case\n        \"\"\"\n        self.setResult(result, passResultMessage, failResultMessage)\n        if \"FAIL\" in self.resultList:\n            self.resultList.clear()\n>           assert False, failResultMessage\nE           AssertionError: Navigation to profile page failed\n\nutilities/teststatus.py:55: AssertionError","steps":[{"name":"Waiting for homepage to completely load","time":{"start":1660120886060,"stop":1660120894597,"duration":8537},"status":"passed","steps":[],"attachments":[{"uid":"6c7ea5f4590e060b","name":"Homepage loaded completely.1660120888303.png","source":"6c7ea5f4590e060b.png","type":"image/png","size":52402}],"parameters":[],"stepsCount":0,"attachmentsCount":1,"shouldDisplayMessage":false,"hasContent":true},{"name":"Navigate to login page","time":{"start":1660120894597,"stop":1660120914769,"duration":20172},"status":"passed","steps":[],"attachments":[{"uid":"ccfa71383fd9a547","name":"Navigation to login page.1660120902864.png","source":"ccfa71383fd9a547.png","type":"image/png","size":164992}],"parameters":[],"stepsCount":0,"attachmentsCount":1,"shouldDisplayMessage":false,"hasContent":true},{"name":"Login with IndividualAccount credentials","time":{"start":1660120914777,"stop":1660120943140,"duration":28363},"status":"passed","steps":[],"attachments":[{"uid":"395aa499a90c8006","name":"Login with IndividualAccount successful.1660120940004.png","source":"395aa499a90c8006.png","type":"image/png","size":342903}],"parameters":[],"stepsCount":0,"attachmentsCount":1,"shouldDisplayMessage":false,"hasContent":true},{"name":"Navigate to Profile Page","time":{"start":1660120943140,"stop":1660120997988,"duration":54848},"status":"failed","statusMessage":"AssertionError: Navigation to profile page failed\n","statusTrace":"  File \"/home/runner/work/FlyerrUIAutomation/FlyerrUIAutomation/tests/test_profile.py\", line 292, in test_Profile_Individual_Flyer_EditListingAndPackages\n    self.ts.markFinal(self.profilePage.isAt, \"Navigation to profile page\",\n  File \"/home/runner/work/FlyerrUIAutomation/FlyerrUIAutomation/utilities/teststatus.py\", line 55, in markFinal\n    assert False, failResultMessage\n","steps":[],"attachments":[{"uid":"846ac76aefbc62da","name":"Navigation to profile page failed.1660120997340.png","source":"846ac76aefbc62da.png","type":"image/png","size":342903}],"parameters":[],"stepsCount":0,"attachmentsCount":1,"shouldDisplayMessage":true,"hasContent":true}],"attachments":[{"uid":"9041ed88dc9d512b","name":"log","source":"9041ed88dc9d512b.txt","type":"text/plain","size":3375},{"uid":"d516b27ceaf4d9a1","name":"stdout","source":"d516b27ceaf4d9a1.txt","type":"text/plain","size":100},{"uid":"46ae9663971d1eb2","name":"stderr","source":"46ae9663971d1eb2.txt","type":"text/plain","size":13441}],"parameters":[],"stepsCount":4,"attachmentsCount":7,"shouldDisplayMessage":true,"hasContent":true},"afterStages":[{"name":"setUp::0","time":{"start":1660120998505,"stop":1660120998680,"duration":175},"status":"passed","steps":[],"attachments":[],"parameters":[],"stepsCount":0,"attachmentsCount":0,"shouldDisplayMessage":false,"hasContent":false},{"name":"oneTimeSetUp::0","time":{"start":1660120998693,"stop":1660120998693,"duration":0},"status":"passed","steps":[],"attachments":[],"parameters":[],"stepsCount":0,"attachmentsCount":0,"shouldDisplayMessage":false,"hasContent":false},{"name":"_unittest_setUpClass_fixture_ProfileTest::0","time":{"start":1660120998694,"stop":1660120998695,"duration":1},"status":"passed","steps":[],"attachments":[],"parameters":[],"stepsCount":0,"attachmentsCount":0,"shouldDisplayMessage":false,"hasContent":false}],"labels":[{"name":"story","value":"Profile"},{"name":"tag","value":"@pytest.mark.usefixtures('oneTimeSetUp', 'setUp')"},{"name":"parentSuite","value":"tests"},{"name":"suite","value":"test_suite_demo"},{"name":"subSuite","value":"ProfileTest"},{"name":"host","value":"fv-az82-332"},{"name":"thread","value":"2368-MainThread"},{"name":"framework","value":"pytest"},{"name":"language","value":"cpython3"},{"name":"package","value":"tests.test_suite_demo"},{"name":"resultFormat","value":"allure2"}],"parameters":[],"links":[],"hidden":false,"retry":false,"extra":{"severity":"normal","retries":[],"categories":[{"name":"Product defects","matchedStatuses":[],"flaky":false}],"tags":["@pytest.mark.usefixtures('oneTimeSetUp', 'setUp')"]},"source":"27b8a90e4479020f.json","parameterValues":[]}