{"uid":"d1194804e2cbc728","name":"test_Profile_Individual_Flyer_EditSkills","fullName":"tests.test_suite_demo.ProfileTest#test_Profile_Individual_Flyer_EditSkills","historyId":"92973f1edbc8522e4fe5585e717a8ed3","time":{"start":1660120888606,"stop":1660120998665,"duration":110059},"status":"failed","statusMessage":"AssertionError: Navigation to profile page failed","statusTrace":"self = <tests.test_profile.ProfileTest testMethod=test_Profile_Individual_Flyer_EditSkills>\n\n    @allure.story('Profile')  # epic/story of the test case\n    # @allure.severity(allure.severity_level.MINOR) # severity of the test case\n    # @pytestrail.case('C48') # test case if on TestRail\n    def test_Profile_Individual_Flyer_EditSkills(self):\n        self.homeNavigation = HomeNavigation(self.driver)\n        self.loggedInNavigation = LoggedInNavigation(self.driver)\n        self.profileNavigation = ProfileNavigation(self.driver)\n        self.loginPage = LoginPage(self.driver)\n        self.loggedInPage = LoggedInPage(self.driver)\n        self.profilePage = ProfilePage(self.driver)\n        self.ts = TestStatus(self.driver)\n    \n        with allure.step('Waiting for homepage to completely load'):\n            self.ts.markFinal(self.page_has_loaded(), \"Homepage loaded completely\", \"Homepage not loaded completely\")\n    \n        with allure.step('Navigate to login page'):\n            self.homeNavigation.goToLoginPage()\n            self.ts.markFinal(self.loginPage.isAt, \"Navigation to login page\", \"Navigation to login page failed\")\n    \n        with allure.step('Login with IndividualAccount credentials'):\n            self.loginPage.loginAndRefresh(username=td.testData(\"loginData.individual.username\"),\n                                           password=td.testData(\"loginData.individual.password\"))\n            self.ts.markFinal(self.loggedInPage.isAt, \"Login with IndividualAccount successful\",\n                              \"Login with IndividualAccount failed\")\n    \n        with allure.step('Navigate to Profile Page'):\n            self.loggedInNavigation.goToProfilePage()\n>           self.ts.markFinal(self.profilePage.isAt, \"Navigation to profile page\", \"Navigation to profile page failed\")\n\ntests/test_profile.py:183: \n_ _ _ _ _ _ _ _ _ _ _ _ _ _ _ _ _ _ _ _ _ _ _ _ _ _ _ _ _ _ _ _ _ _ _ _ _ _ _ _ \n\nself = <utilities.teststatus.TestStatus object at 0x7f6318f30f10>\nresult = False, passResultMessage = 'Navigation to profile page'\nfailResultMessage = 'Navigation to profile page failed'\n\n    def markFinal(self, result, passResultMessage, failResultMessage):\n        \"\"\"\n        Mark the final result of the verification point in a test case\n        This needs to be called at least once in a test case\n        This should be final test status of the test case\n        \"\"\"\n        self.setResult(result, passResultMessage, failResultMessage)\n        if \"FAIL\" in self.resultList:\n            self.resultList.clear()\n>           assert False, failResultMessage\nE           AssertionError: Navigation to profile page failed\n\nutilities/teststatus.py:55: AssertionError","flaky":false,"newFailed":false,"newBroken":false,"newPassed":false,"retriesCount":0,"retriesStatusChange":false,"beforeStages":[{"name":"_unittest_setUpClass_fixture_ProfileTest","time":{"start":1660120873617,"stop":1660120873617,"duration":0},"status":"passed","steps":[],"attachments":[],"parameters":[],"stepsCount":0,"attachmentsCount":0,"shouldDisplayMessage":false,"hasContent":false},{"name":"oneTimeSetUp","time":{"start":1660120873617,"stop":1660120873617,"duration":0},"status":"passed","steps":[],"attachments":[],"parameters":[],"stepsCount":0,"attachmentsCount":0,"shouldDisplayMessage":false,"hasContent":false},{"name":"setUp","time":{"start":1660120873621,"stop":1660120888604,"duration":14983},"status":"passed","steps":[],"attachments":[],"parameters":[],"stepsCount":0,"attachmentsCount":0,"shouldDisplayMessage":false,"hasContent":false}],"testStage":{"status":"failed","statusMessage":"AssertionError: Navigation to profile page failed","statusTrace":"self = <tests.test_profile.ProfileTest testMethod=test_Profile_Individual_Flyer_EditSkills>\n\n    @allure.story('Profile')  # epic/story of the test case\n    # @allure.severity(allure.severity_level.MINOR) # severity of the test case\n    # @pytestrail.case('C48') # test case if on TestRail\n    def test_Profile_Individual_Flyer_EditSkills(self):\n        self.homeNavigation = HomeNavigation(self.driver)\n        self.loggedInNavigation = LoggedInNavigation(self.driver)\n        self.profileNavigation = ProfileNavigation(self.driver)\n        self.loginPage = LoginPage(self.driver)\n        self.loggedInPage = LoggedInPage(self.driver)\n        self.profilePage = ProfilePage(self.driver)\n        self.ts = TestStatus(self.driver)\n    \n        with allure.step('Waiting for homepage to completely load'):\n            self.ts.markFinal(self.page_has_loaded(), \"Homepage loaded completely\", \"Homepage not loaded completely\")\n    \n        with allure.step('Navigate to login page'):\n            self.homeNavigation.goToLoginPage()\n            self.ts.markFinal(self.loginPage.isAt, \"Navigation to login page\", \"Navigation to login page failed\")\n    \n        with allure.step('Login with IndividualAccount credentials'):\n            self.loginPage.loginAndRefresh(username=td.testData(\"loginData.individual.username\"),\n                                           password=td.testData(\"loginData.individual.password\"))\n            self.ts.markFinal(self.loggedInPage.isAt, \"Login with IndividualAccount successful\",\n                              \"Login with IndividualAccount failed\")\n    \n        with allure.step('Navigate to Profile Page'):\n            self.loggedInNavigation.goToProfilePage()\n>           self.ts.markFinal(self.profilePage.isAt, \"Navigation to profile page\", \"Navigation to profile page failed\")\n\ntests/test_profile.py:183: \n_ _ _ _ _ _ _ _ _ _ _ _ _ _ _ _ _ _ _ _ _ _ _ _ _ _ _ _ _ _ _ _ _ _ _ _ _ _ _ _ \n\nself = <utilities.teststatus.TestStatus object at 0x7f6318f30f10>\nresult = False, passResultMessage = 'Navigation to profile page'\nfailResultMessage = 'Navigation to profile page failed'\n\n    def markFinal(self, result, passResultMessage, failResultMessage):\n        \"\"\"\n        Mark the final result of the verification point in a test case\n        This needs to be called at least once in a test case\n        This should be final test status of the test case\n        \"\"\"\n        self.setResult(result, passResultMessage, failResultMessage)\n        if \"FAIL\" in self.resultList:\n            self.resultList.clear()\n>           assert False, failResultMessage\nE           AssertionError: Navigation to profile page failed\n\nutilities/teststatus.py:55: AssertionError","steps":[{"name":"Waiting for homepage to completely load","time":{"start":1660120888609,"stop":1660120894638,"duration":6029},"status":"passed","steps":[],"attachments":[{"uid":"2c355a4364e5dccf","name":"Homepage loaded completely.1660120888846.png","source":"2c355a4364e5dccf.png","type":"image/png","size":52402}],"parameters":[],"stepsCount":0,"attachmentsCount":1,"shouldDisplayMessage":false,"hasContent":true},{"name":"Navigate to login page","time":{"start":1660120894638,"stop":1660120920726,"duration":26088},"status":"passed","steps":[],"attachments":[{"uid":"bc99091c3cc33cb","name":"Navigation to login page.1660120903514.png","source":"bc99091c3cc33cb.png","type":"image/png","size":164992}],"parameters":[],"stepsCount":0,"attachmentsCount":1,"shouldDisplayMessage":false,"hasContent":true},{"name":"Login with IndividualAccount credentials","time":{"start":1660120920727,"stop":1660120943672,"duration":22945},"status":"passed","steps":[],"attachments":[{"uid":"7f9fbf4a8f4f8c0e","name":"Login with IndividualAccount successful.1660120940992.png","source":"7f9fbf4a8f4f8c0e.png","type":"image/png","size":342903}],"parameters":[],"stepsCount":0,"attachmentsCount":1,"shouldDisplayMessage":false,"hasContent":true},{"name":"Navigate to Profile Page","time":{"start":1660120943672,"stop":1660120998541,"duration":54869},"status":"failed","statusMessage":"AssertionError: Navigation to profile page failed\n","statusTrace":"  File \"/home/runner/work/FlyerrUIAutomation/FlyerrUIAutomation/tests/test_profile.py\", line 183, in test_Profile_Individual_Flyer_EditSkills\n    self.ts.markFinal(self.profilePage.isAt, \"Navigation to profile page\", \"Navigation to profile page failed\")\n  File \"/home/runner/work/FlyerrUIAutomation/FlyerrUIAutomation/utilities/teststatus.py\", line 55, in markFinal\n    assert False, failResultMessage\n","steps":[],"attachments":[{"uid":"b8f4a5e1276be0e5","name":"Navigation to profile page failed.1660120997928.png","source":"b8f4a5e1276be0e5.png","type":"image/png","size":342903}],"parameters":[],"stepsCount":0,"attachmentsCount":1,"shouldDisplayMessage":true,"hasContent":true}],"attachments":[{"uid":"f35df2948c3dabcc","name":"log","source":"f35df2948c3dabcc.txt","type":"text/plain","size":3375},{"uid":"922b48ca16f13f9f","name":"stdout","source":"922b48ca16f13f9f.txt","type":"text/plain","size":100},{"uid":"46ab608aa0e53a69","name":"stderr","source":"46ab608aa0e53a69.txt","type":"text/plain","size":13417}],"parameters":[],"stepsCount":4,"attachmentsCount":7,"shouldDisplayMessage":true,"hasContent":true},"afterStages":[{"name":"setUp::0","time":{"start":1660120998954,"stop":1660120999039,"duration":85},"status":"passed","steps":[],"attachments":[],"parameters":[],"stepsCount":0,"attachmentsCount":0,"shouldDisplayMessage":false,"hasContent":false},{"name":"oneTimeSetUp::0","time":{"start":1660120999063,"stop":1660120999063,"duration":0},"status":"passed","steps":[],"attachments":[],"parameters":[],"stepsCount":0,"attachmentsCount":0,"shouldDisplayMessage":false,"hasContent":false},{"name":"_unittest_setUpClass_fixture_ProfileTest::0","time":{"start":1660120999064,"stop":1660120999064,"duration":0},"status":"passed","steps":[],"attachments":[],"parameters":[],"stepsCount":0,"attachmentsCount":0,"shouldDisplayMessage":false,"hasContent":false}],"labels":[{"name":"story","value":"Profile"},{"name":"tag","value":"@pytest.mark.usefixtures('oneTimeSetUp', 'setUp')"},{"name":"parentSuite","value":"tests"},{"name":"suite","value":"test_suite_demo"},{"name":"subSuite","value":"ProfileTest"},{"name":"host","value":"fv-az82-332"},{"name":"thread","value":"2382-MainThread"},{"name":"framework","value":"pytest"},{"name":"language","value":"cpython3"},{"name":"package","value":"tests.test_suite_demo"},{"name":"resultFormat","value":"allure2"}],"parameters":[],"links":[],"hidden":false,"retry":false,"extra":{"severity":"normal","retries":[],"categories":[{"name":"Product defects","matchedStatuses":[],"flaky":false}],"tags":["@pytest.mark.usefixtures('oneTimeSetUp', 'setUp')"]},"source":"d1194804e2cbc728.json","parameterValues":[]}