{"uid":"f81808d5d8170398","name":"test_Login_Login_with_Google","fullName":"tests.test_suite_demo.LoginTest#test_Login_Login_with_Google","historyId":"0c43215cb02488ae8f5707a0aac395ed","time":{"start":1660120885868,"stop":1660121004773,"duration":118905},"status":"failed","statusMessage":"AssertionError: Login with Google failed","statusTrace":"self = <tests.test_login.LoginTest testMethod=test_Login_Login_with_Google>\n\n    @allure.story('KeyCloak')  # epic/story of the test case\n    # @allure.severity(allure.severity_level.MINOR) # severity of the test case\n    # @pytestrail.case('C48') # test case if on TestRail\n    def test_Login_Login_with_Google(self):\n        self.homeNavigation = HomeNavigation(self.driver)\n        self.loginPage = LoginPage(self.driver)\n        self.loggedInPage = LoggedInPage(self.driver)\n        self.ts = TestStatus(self.driver)\n    \n        with allure.step('Waiting for homepage to completely load'):\n            self.ts.markFinal(self.page_has_loaded(), \"Homepage loaded completely\", \"Homepage not loaded completely\")\n    \n        with allure.step('Navigate to login page'):\n            self.homeNavigation.goToLoginPage()\n            self.ts.markFinal(self.loginPage.isAt, \"Navigation to login page\", \"Navigation to login page failed\")\n    \n        with allure.step('Login with Google credentials'):\n            self.loginPage.loginWithGoogle(username=td.testData(\"loginData.google.username\"), password=td.testData(\"loginData.google.password\"))\n>           self.ts.markFinal(self.loggedInPage.isAt, \"Login with Google successful\", \"Login with Google failed\")\n\ntests/test_login.py:179: \n_ _ _ _ _ _ _ _ _ _ _ _ _ _ _ _ _ _ _ _ _ _ _ _ _ _ _ _ _ _ _ _ _ _ _ _ _ _ _ _ \n\nself = <utilities.teststatus.TestStatus object at 0x7fb075cdb3a0>\nresult = False, passResultMessage = 'Login with Google successful'\nfailResultMessage = 'Login with Google failed'\n\n    def markFinal(self, result, passResultMessage, failResultMessage):\n        \"\"\"\n        Mark the final result of the verification point in a test case\n        This needs to be called at least once in a test case\n        This should be final test status of the test case\n        \"\"\"\n        self.setResult(result, passResultMessage, failResultMessage)\n        if \"FAIL\" in self.resultList:\n            self.resultList.clear()\n>           assert False, failResultMessage\nE           AssertionError: Login with Google failed\n\nutilities/teststatus.py:55: AssertionError","flaky":false,"newFailed":false,"newBroken":false,"newPassed":false,"retriesCount":0,"retriesStatusChange":false,"beforeStages":[{"name":"setUp","time":{"start":1660120873634,"stop":1660120885865,"duration":12231},"status":"passed","steps":[],"attachments":[],"parameters":[],"stepsCount":0,"attachmentsCount":0,"shouldDisplayMessage":false,"hasContent":false},{"name":"_unittest_setUpClass_fixture_LoginTest","time":{"start":1660120873634,"stop":1660120873634,"duration":0},"status":"passed","steps":[],"attachments":[],"parameters":[],"stepsCount":0,"attachmentsCount":0,"shouldDisplayMessage":false,"hasContent":false},{"name":"oneTimeSetUp","time":{"start":1660120873634,"stop":1660120873634,"duration":0},"status":"passed","steps":[],"attachments":[],"parameters":[],"stepsCount":0,"attachmentsCount":0,"shouldDisplayMessage":false,"hasContent":false}],"testStage":{"status":"failed","statusMessage":"AssertionError: Login with Google failed","statusTrace":"self = <tests.test_login.LoginTest testMethod=test_Login_Login_with_Google>\n\n    @allure.story('KeyCloak')  # epic/story of the test case\n    # @allure.severity(allure.severity_level.MINOR) # severity of the test case\n    # @pytestrail.case('C48') # test case if on TestRail\n    def test_Login_Login_with_Google(self):\n        self.homeNavigation = HomeNavigation(self.driver)\n        self.loginPage = LoginPage(self.driver)\n        self.loggedInPage = LoggedInPage(self.driver)\n        self.ts = TestStatus(self.driver)\n    \n        with allure.step('Waiting for homepage to completely load'):\n            self.ts.markFinal(self.page_has_loaded(), \"Homepage loaded completely\", \"Homepage not loaded completely\")\n    \n        with allure.step('Navigate to login page'):\n            self.homeNavigation.goToLoginPage()\n            self.ts.markFinal(self.loginPage.isAt, \"Navigation to login page\", \"Navigation to login page failed\")\n    \n        with allure.step('Login with Google credentials'):\n            self.loginPage.loginWithGoogle(username=td.testData(\"loginData.google.username\"), password=td.testData(\"loginData.google.password\"))\n>           self.ts.markFinal(self.loggedInPage.isAt, \"Login with Google successful\", \"Login with Google failed\")\n\ntests/test_login.py:179: \n_ _ _ _ _ _ _ _ _ _ _ _ _ _ _ _ _ _ _ _ _ _ _ _ _ _ _ _ _ _ _ _ _ _ _ _ _ _ _ _ \n\nself = <utilities.teststatus.TestStatus object at 0x7fb075cdb3a0>\nresult = False, passResultMessage = 'Login with Google successful'\nfailResultMessage = 'Login with Google failed'\n\n    def markFinal(self, result, passResultMessage, failResultMessage):\n        \"\"\"\n        Mark the final result of the verification point in a test case\n        This needs to be called at least once in a test case\n        This should be final test status of the test case\n        \"\"\"\n        self.setResult(result, passResultMessage, failResultMessage)\n        if \"FAIL\" in self.resultList:\n            self.resultList.clear()\n>           assert False, failResultMessage\nE           AssertionError: Login with Google failed\n\nutilities/teststatus.py:55: AssertionError","steps":[{"name":"Waiting for homepage to completely load","time":{"start":1660120885868,"stop":1660120894134,"duration":8266},"status":"passed","steps":[],"attachments":[{"uid":"f83043be94f26d8f","name":"Homepage loaded completely.1660120887782.png","source":"f83043be94f26d8f.png","type":"image/png","size":52402}],"parameters":[],"stepsCount":0,"attachmentsCount":1,"shouldDisplayMessage":false,"hasContent":true},{"name":"Navigate to login page","time":{"start":1660120894134,"stop":1660120923162,"duration":29028},"status":"passed","steps":[],"attachments":[{"uid":"ab95d6ee86adffed","name":"Navigation to login page.1660120904125.png","source":"ab95d6ee86adffed.png","type":"image/png","size":164992}],"parameters":[],"stepsCount":0,"attachmentsCount":1,"shouldDisplayMessage":false,"hasContent":true},{"name":"Login with Google credentials","time":{"start":1660120923169,"stop":1660121004669,"duration":81500},"status":"failed","statusMessage":"AssertionError: Login with Google failed\n","statusTrace":"  File \"/home/runner/work/FlyerrUIAutomation/FlyerrUIAutomation/tests/test_login.py\", line 179, in test_Login_Login_with_Google\n    self.ts.markFinal(self.loggedInPage.isAt, \"Login with Google successful\", \"Login with Google failed\")\n  File \"/home/runner/work/FlyerrUIAutomation/FlyerrUIAutomation/utilities/teststatus.py\", line 55, in markFinal\n    assert False, failResultMessage\n","steps":[],"attachments":[{"uid":"2662beb4e498ae79","name":"Login with Google failed.1660121004326.png","source":"2662beb4e498ae79.png","type":"image/png","size":52749}],"parameters":[],"stepsCount":0,"attachmentsCount":1,"shouldDisplayMessage":true,"hasContent":true}],"attachments":[{"uid":"6b40b23d2524879","name":"log","source":"6b40b23d2524879.txt","type":"text/plain","size":2708},{"uid":"92b48df290b36776","name":"stdout","source":"92b48df290b36776.txt","type":"text/plain","size":100},{"uid":"594f683e81f3fa73","name":"stderr","source":"594f683e81f3fa73.txt","type":"text/plain","size":26768}],"parameters":[],"stepsCount":3,"attachmentsCount":6,"shouldDisplayMessage":true,"hasContent":true},"afterStages":[{"name":"setUp::0","time":{"start":1660121005039,"stop":1660121006145,"duration":1106},"status":"passed","steps":[],"attachments":[],"parameters":[],"stepsCount":0,"attachmentsCount":0,"shouldDisplayMessage":false,"hasContent":false},{"name":"oneTimeSetUp::0","time":{"start":1660121006156,"stop":1660121006156,"duration":0},"status":"passed","steps":[],"attachments":[],"parameters":[],"stepsCount":0,"attachmentsCount":0,"shouldDisplayMessage":false,"hasContent":false},{"name":"_unittest_setUpClass_fixture_LoginTest::0","time":{"start":1660121006157,"stop":1660121006157,"duration":0},"status":"passed","steps":[],"attachments":[],"parameters":[],"stepsCount":0,"attachmentsCount":0,"shouldDisplayMessage":false,"hasContent":false}],"labels":[{"name":"story","value":"KeyCloak"},{"name":"tag","value":"@pytest.mark.usefixtures('oneTimeSetUp', 'setUp')"},{"name":"parentSuite","value":"tests"},{"name":"suite","value":"test_suite_demo"},{"name":"subSuite","value":"LoginTest"},{"name":"host","value":"fv-az82-332"},{"name":"thread","value":"2356-MainThread"},{"name":"framework","value":"pytest"},{"name":"language","value":"cpython3"},{"name":"package","value":"tests.test_suite_demo"},{"name":"resultFormat","value":"allure2"}],"parameters":[],"links":[],"hidden":false,"retry":false,"extra":{"severity":"normal","retries":[],"categories":[{"name":"Product defects","matchedStatuses":[],"flaky":false}],"tags":["@pytest.mark.usefixtures('oneTimeSetUp', 'setUp')"]},"source":"f81808d5d8170398.json","parameterValues":[]}