{"uid":"7ff1fdf2b408955d","name":"test_Signup_CreateAccount_Individual","fullName":"tests.test_suite_demo.SignUpTest#test_Signup_CreateAccount_Individual","historyId":"12009a1ef7dfc9dc9a8eae4aa196bc83","time":{"start":1660132323658,"stop":1660132361354,"duration":37696},"status":"failed","statusMessage":"AssertionError: Navigation to login page failed","statusTrace":"self = <tests.test_signup.SignUpTest testMethod=test_Signup_CreateAccount_Individual>\n\n    @allure.story('KeyCloak') # epic/story of the test case\n    @allure.severity(allure.severity_level.MINOR) # severity of the test case\n    # @pytestrail.case('C48') # test case if on TestRail\n    def test_Signup_CreateAccount_Individual(self):\n    \n        self.homeNavigation = HomeNavigation(self.driver)\n        self.loginNavigation = LoginNavigation(self.driver)\n        self.loginPage = LoginPage(self.driver)\n        self.loggedInPage = LoggedInPage(self.driver)\n        self.signUpPage = SignUpPage(self.driver)\n        self.emailVerificationPage = EmailVerificationPage(self.driver)\n        self.ts = TestStatus(self.driver)\n    \n        with allure.step('Waiting for homepage to completely load'):\n            self.ts.markFinal(self.page_has_loaded(), \"Homepage loaded completely\", \"Homepage not loaded completely\")\n    \n        with allure.step('Navigate to login page'):\n            self.homeNavigation.goToLoginPage()\n>           self.ts.markFinal(self.loginPage.isAt, \"Navigation to login page\", \"Navigation to login page failed\")\n\ntests/test_signup.py:105: \n_ _ _ _ _ _ _ _ _ _ _ _ _ _ _ _ _ _ _ _ _ _ _ _ _ _ _ _ _ _ _ _ _ _ _ _ _ _ _ _ \n\nself = <utilities.teststatus.TestStatus object at 0x7efe72274370>\nresult = False, passResultMessage = 'Navigation to login page'\nfailResultMessage = 'Navigation to login page failed'\n\n    def markFinal(self, result, passResultMessage, failResultMessage):\n        \"\"\"\n        Mark the final result of the verification point in a test case\n        This needs to be called at least once in a test case\n        This should be final test status of the test case\n        \"\"\"\n        self.setResult(result, passResultMessage, failResultMessage)\n        if \"FAIL\" in self.resultList:\n            self.resultList.clear()\n>           assert False, failResultMessage\nE           AssertionError: Navigation to login page failed\n\nutilities/teststatus.py:55: AssertionError","flaky":false,"newFailed":true,"newBroken":false,"newPassed":false,"retriesCount":0,"retriesStatusChange":false,"beforeStages":[{"name":"_unittest_setUpClass_fixture_SignUpTest","time":{"start":1660132317162,"stop":1660132317162,"duration":0},"status":"passed","steps":[],"attachments":[],"parameters":[],"stepsCount":0,"attachmentsCount":0,"shouldDisplayMessage":false,"hasContent":false},{"name":"oneTimeSetUp","time":{"start":1660132317162,"stop":1660132317163,"duration":1},"status":"passed","steps":[],"attachments":[],"parameters":[],"stepsCount":0,"attachmentsCount":0,"shouldDisplayMessage":false,"hasContent":false},{"name":"setUp","time":{"start":1660132317163,"stop":1660132323658,"duration":6495},"status":"passed","steps":[],"attachments":[],"parameters":[],"stepsCount":0,"attachmentsCount":0,"shouldDisplayMessage":false,"hasContent":false}],"testStage":{"status":"failed","statusMessage":"AssertionError: Navigation to login page failed","statusTrace":"self = <tests.test_signup.SignUpTest testMethod=test_Signup_CreateAccount_Individual>\n\n    @allure.story('KeyCloak') # epic/story of the test case\n    @allure.severity(allure.severity_level.MINOR) # severity of the test case\n    # @pytestrail.case('C48') # test case if on TestRail\n    def test_Signup_CreateAccount_Individual(self):\n    \n        self.homeNavigation = HomeNavigation(self.driver)\n        self.loginNavigation = LoginNavigation(self.driver)\n        self.loginPage = LoginPage(self.driver)\n        self.loggedInPage = LoggedInPage(self.driver)\n        self.signUpPage = SignUpPage(self.driver)\n        self.emailVerificationPage = EmailVerificationPage(self.driver)\n        self.ts = TestStatus(self.driver)\n    \n        with allure.step('Waiting for homepage to completely load'):\n            self.ts.markFinal(self.page_has_loaded(), \"Homepage loaded completely\", \"Homepage not loaded completely\")\n    \n        with allure.step('Navigate to login page'):\n            self.homeNavigation.goToLoginPage()\n>           self.ts.markFinal(self.loginPage.isAt, \"Navigation to login page\", \"Navigation to login page failed\")\n\ntests/test_signup.py:105: \n_ _ _ _ _ _ _ _ _ _ _ _ _ _ _ _ _ _ _ _ _ _ _ _ _ _ _ _ _ _ _ _ _ _ _ _ _ _ _ _ \n\nself = <utilities.teststatus.TestStatus object at 0x7efe72274370>\nresult = False, passResultMessage = 'Navigation to login page'\nfailResultMessage = 'Navigation to login page failed'\n\n    def markFinal(self, result, passResultMessage, failResultMessage):\n        \"\"\"\n        Mark the final result of the verification point in a test case\n        This needs to be called at least once in a test case\n        This should be final test status of the test case\n        \"\"\"\n        self.setResult(result, passResultMessage, failResultMessage)\n        if \"FAIL\" in self.resultList:\n            self.resultList.clear()\n>           assert False, failResultMessage\nE           AssertionError: Navigation to login page failed\n\nutilities/teststatus.py:55: AssertionError","steps":[{"name":"Waiting for homepage to completely load","time":{"start":1660132323659,"stop":1660132328120,"duration":4461},"status":"passed","steps":[],"attachments":[{"uid":"29cbe1eb7188db","name":"Homepage loaded completely.1660132323668.png","source":"29cbe1eb7188db.png","type":"image/png","size":330703}],"parameters":[],"stepsCount":0,"attachmentsCount":1,"shouldDisplayMessage":false,"hasContent":true},{"name":"Navigate to login page","time":{"start":1660132328121,"stop":1660132361354,"duration":33233},"status":"failed","statusMessage":"AssertionError: Navigation to login page failed\n","statusTrace":"  File \"/home/runner/work/FlyerrUIAutomation/FlyerrUIAutomation/tests/test_signup.py\", line 105, in test_Signup_CreateAccount_Individual\n    self.ts.markFinal(self.loginPage.isAt, \"Navigation to login page\", \"Navigation to login page failed\")\n  File \"/home/runner/work/FlyerrUIAutomation/FlyerrUIAutomation/utilities/teststatus.py\", line 55, in markFinal\n    assert False, failResultMessage\n","steps":[],"attachments":[{"uid":"9bc2ad36dddf1ab8","name":"Navigation to login page failed.1660132360195.png","source":"9bc2ad36dddf1ab8.png","type":"image/png","size":330703}],"parameters":[],"stepsCount":0,"attachmentsCount":1,"shouldDisplayMessage":true,"hasContent":true}],"attachments":[{"uid":"d20bda265c3a2d17","name":"log","source":"d20bda265c3a2d17.txt","type":"text/plain","size":992},{"uid":"5d77f9931604c2f2","name":"stdout","source":"5d77f9931604c2f2.txt","type":"text/plain","size":100},{"uid":"991098b39e09fcce","name":"stderr","source":"991098b39e09fcce.txt","type":"text/plain","size":6521}],"parameters":[],"stepsCount":2,"attachmentsCount":5,"shouldDisplayMessage":true,"hasContent":true},"afterStages":[{"name":"setUp::0","time":{"start":1660132361377,"stop":1660132361456,"duration":79},"status":"passed","steps":[],"attachments":[],"parameters":[],"stepsCount":0,"attachmentsCount":0,"shouldDisplayMessage":false,"hasContent":false},{"name":"_unittest_setUpClass_fixture_SignUpTest::0","time":{"start":1660132361457,"stop":1660132361457,"duration":0},"status":"passed","steps":[],"attachments":[],"parameters":[],"stepsCount":0,"attachmentsCount":0,"shouldDisplayMessage":false,"hasContent":false},{"name":"oneTimeSetUp::0","time":{"start":1660132361457,"stop":1660132361457,"duration":0},"status":"passed","steps":[],"attachments":[],"parameters":[],"stepsCount":0,"attachmentsCount":0,"shouldDisplayMessage":false,"hasContent":false}],"labels":[{"name":"severity","value":"minor"},{"name":"story","value":"KeyCloak"},{"name":"tag","value":"@pytest.mark.usefixtures('oneTimeSetUp', 'setUp')"},{"name":"parentSuite","value":"tests"},{"name":"suite","value":"test_suite_demo"},{"name":"subSuite","value":"SignUpTest"},{"name":"host","value":"fv-az449-327"},{"name":"thread","value":"2388-MainThread"},{"name":"framework","value":"pytest"},{"name":"language","value":"cpython3"},{"name":"package","value":"tests.test_suite_demo"},{"name":"resultFormat","value":"allure2"}],"parameters":[],"links":[],"hidden":false,"retry":false,"extra":{"severity":"minor","retries":[],"categories":[{"name":"Product defects","matchedStatuses":[],"flaky":false}],"history":{"statistic":{"failed":1,"broken":0,"skipped":0,"passed":4,"unknown":0,"total":5},"items":[{"uid":"af358254e8512ec9","reportUrl":"https://suresh-chunduru.github.io/FlyerrUIAutomation/23//#testresult/af358254e8512ec9","status":"passed","time":{"start":1660128764876,"stop":1660128795664,"duration":30788}},{"uid":"a333df449b252441","reportUrl":"https://suresh-chunduru.github.io/FlyerrUIAutomation/22//#testresult/a333df449b252441","status":"passed","time":{"start":1660127784823,"stop":1660127856438,"duration":71615}},{"uid":"ba6243fb559f82e5","reportUrl":"https://suresh-chunduru.github.io/FlyerrUIAutomation/21//#testresult/ba6243fb559f82e5","status":"passed","time":{"start":1660121427854,"stop":1660121485494,"duration":57640}},{"uid":"c31bf48a664437fb","reportUrl":"https://suresh-chunduru.github.io/FlyerrUIAutomation/20//#testresult/c31bf48a664437fb","status":"passed","time":{"start":1660120888498,"stop":1660120946115,"duration":57617}}]},"tags":["@pytest.mark.usefixtures('oneTimeSetUp', 'setUp')"]},"source":"7ff1fdf2b408955d.json","parameterValues":[]}