{"uid":"8ca50cb03269a27d","name":"test_post_a_remote_job_request_with_preferred_date","fullName":"tests.test_suite_demo.PostJobRequest#test_post_a_remote_job_request_with_preferred_date","historyId":"ac31c54178a0b2c7ab3dcf3ca56b7c71","time":{"start":1660132319130,"stop":1660132353455,"duration":34325},"status":"failed","statusMessage":"AssertionError: Navigation to login page failed","statusTrace":"self = <tests.test_postJobRequest.PostJobRequest testMethod=test_post_a_remote_job_request_with_preferred_date>\n\n    @allure.story('Job Management')  # epic/story of the test case\n    # @allure.severity(allure.severity_level.MINOR) # severity of the test case\n    # @pytestrail.case('C48') # test case if on TestRail\n    def test_post_a_remote_job_request_with_preferred_date(self):\n    \n        self.homeNavigation = HomeNavigation(self.driver)\n        self.loggedInNavigation = LoggedInNavigation(self.driver)\n        self.loginPage = LoginPage(self.driver)\n        self.postJobRequestPage = PostJobRequestPage(self.driver)\n        self.loggedInPage = LoggedInPage(self.driver)\n        self.ts = TestStatus(self.driver)\n    \n        with allure.step('Waiting for homepage to completely load'):\n            self.ts.markFinal(self.page_has_loaded(), \"Homepage loaded completely\", \"Homepage not loaded completely\")\n    \n        with allure.step('Navigate to login page'):\n            self.homeNavigation.goToLoginPage()\n>           self.ts.markFinal(self.loginPage.isAt, \"Navigation to login page successful\", \"Navigation to login page failed\")\n\ntests/test_postJobRequest.py:86: \n_ _ _ _ _ _ _ _ _ _ _ _ _ _ _ _ _ _ _ _ _ _ _ _ _ _ _ _ _ _ _ _ _ _ _ _ _ _ _ _ \n\nself = <utilities.teststatus.TestStatus object at 0x7f47f08e6740>\nresult = False, passResultMessage = 'Navigation to login page successful'\nfailResultMessage = 'Navigation to login page failed'\n\n    def markFinal(self, result, passResultMessage, failResultMessage):\n        \"\"\"\n        Mark the final result of the verification point in a test case\n        This needs to be called at least once in a test case\n        This should be final test status of the test case\n        \"\"\"\n        self.setResult(result, passResultMessage, failResultMessage)\n        if \"FAIL\" in self.resultList:\n            self.resultList.clear()\n>           assert False, failResultMessage\nE           AssertionError: Navigation to login page failed\n\nutilities/teststatus.py:55: AssertionError","flaky":false,"newFailed":true,"newBroken":false,"newPassed":false,"retriesCount":0,"retriesStatusChange":false,"beforeStages":[{"name":"setUp","time":{"start":1660132314456,"stop":1660132319129,"duration":4673},"status":"passed","steps":[],"attachments":[],"parameters":[],"stepsCount":0,"attachmentsCount":0,"shouldDisplayMessage":false,"hasContent":false},{"name":"oneTimeSetUp","time":{"start":1660132314456,"stop":1660132314456,"duration":0},"status":"passed","steps":[],"attachments":[],"parameters":[],"stepsCount":0,"attachmentsCount":0,"shouldDisplayMessage":false,"hasContent":false},{"name":"_unittest_setUpClass_fixture_PostJobRequest","time":{"start":1660132314456,"stop":1660132314456,"duration":0},"status":"passed","steps":[],"attachments":[],"parameters":[],"stepsCount":0,"attachmentsCount":0,"shouldDisplayMessage":false,"hasContent":false}],"testStage":{"status":"failed","statusMessage":"AssertionError: Navigation to login page failed","statusTrace":"self = <tests.test_postJobRequest.PostJobRequest testMethod=test_post_a_remote_job_request_with_preferred_date>\n\n    @allure.story('Job Management')  # epic/story of the test case\n    # @allure.severity(allure.severity_level.MINOR) # severity of the test case\n    # @pytestrail.case('C48') # test case if on TestRail\n    def test_post_a_remote_job_request_with_preferred_date(self):\n    \n        self.homeNavigation = HomeNavigation(self.driver)\n        self.loggedInNavigation = LoggedInNavigation(self.driver)\n        self.loginPage = LoginPage(self.driver)\n        self.postJobRequestPage = PostJobRequestPage(self.driver)\n        self.loggedInPage = LoggedInPage(self.driver)\n        self.ts = TestStatus(self.driver)\n    \n        with allure.step('Waiting for homepage to completely load'):\n            self.ts.markFinal(self.page_has_loaded(), \"Homepage loaded completely\", \"Homepage not loaded completely\")\n    \n        with allure.step('Navigate to login page'):\n            self.homeNavigation.goToLoginPage()\n>           self.ts.markFinal(self.loginPage.isAt, \"Navigation to login page successful\", \"Navigation to login page failed\")\n\ntests/test_postJobRequest.py:86: \n_ _ _ _ _ _ _ _ _ _ _ _ _ _ _ _ _ _ _ _ _ _ _ _ _ _ _ _ _ _ _ _ _ _ _ _ _ _ _ _ \n\nself = <utilities.teststatus.TestStatus object at 0x7f47f08e6740>\nresult = False, passResultMessage = 'Navigation to login page successful'\nfailResultMessage = 'Navigation to login page failed'\n\n    def markFinal(self, result, passResultMessage, failResultMessage):\n        \"\"\"\n        Mark the final result of the verification point in a test case\n        This needs to be called at least once in a test case\n        This should be final test status of the test case\n        \"\"\"\n        self.setResult(result, passResultMessage, failResultMessage)\n        if \"FAIL\" in self.resultList:\n            self.resultList.clear()\n>           assert False, failResultMessage\nE           AssertionError: Navigation to login page failed\n\nutilities/teststatus.py:55: AssertionError","steps":[{"name":"Waiting for homepage to completely load","time":{"start":1660132319131,"stop":1660132320849,"duration":1718},"status":"passed","steps":[],"attachments":[{"uid":"8613322862252904","name":"Homepage loaded completely.1660132319139.png","source":"8613322862252904.png","type":"image/png","size":40707}],"parameters":[],"stepsCount":0,"attachmentsCount":1,"shouldDisplayMessage":false,"hasContent":true},{"name":"Navigate to login page","time":{"start":1660132320849,"stop":1660132353455,"duration":32606},"status":"failed","statusMessage":"AssertionError: Navigation to login page failed\n","statusTrace":"  File \"/home/runner/work/FlyerrUIAutomation/FlyerrUIAutomation/tests/test_postJobRequest.py\", line 86, in test_post_a_remote_job_request_with_preferred_date\n    self.ts.markFinal(self.loginPage.isAt, \"Navigation to login page successful\", \"Navigation to login page failed\")\n  File \"/home/runner/work/FlyerrUIAutomation/FlyerrUIAutomation/utilities/teststatus.py\", line 55, in markFinal\n    assert False, failResultMessage\n","steps":[],"attachments":[{"uid":"1b67f83d3753420","name":"Navigation to login page failed.1660132352919.png","source":"1b67f83d3753420.png","type":"image/png","size":330703}],"parameters":[],"stepsCount":0,"attachmentsCount":1,"shouldDisplayMessage":true,"hasContent":true}],"attachments":[{"uid":"1cdffd3c109992a9","name":"log","source":"1cdffd3c109992a9.txt","type":"text/plain","size":992},{"uid":"177de01b5bff2c3e","name":"stdout","source":"177de01b5bff2c3e.txt","type":"text/plain","size":100},{"uid":"b0eaf67ea29e922c","name":"stderr","source":"b0eaf67ea29e922c.txt","type":"text/plain","size":6542}],"parameters":[],"stepsCount":2,"attachmentsCount":5,"shouldDisplayMessage":true,"hasContent":true},"afterStages":[{"name":"setUp::0","time":{"start":1660132353469,"stop":1660132353535,"duration":66},"status":"passed","steps":[],"attachments":[],"parameters":[],"stepsCount":0,"attachmentsCount":0,"shouldDisplayMessage":false,"hasContent":false},{"name":"oneTimeSetUp::0","time":{"start":1660132353536,"stop":1660132353536,"duration":0},"status":"passed","steps":[],"attachments":[],"parameters":[],"stepsCount":0,"attachmentsCount":0,"shouldDisplayMessage":false,"hasContent":false},{"name":"_unittest_setUpClass_fixture_PostJobRequest::0","time":{"start":1660132353536,"stop":1660132353536,"duration":0},"status":"passed","steps":[],"attachments":[],"parameters":[],"stepsCount":0,"attachmentsCount":0,"shouldDisplayMessage":false,"hasContent":false}],"labels":[{"name":"story","value":"Job Management"},{"name":"tag","value":"@pytest.mark.usefixtures('oneTimeSetUp', 'setUp')"},{"name":"parentSuite","value":"tests"},{"name":"suite","value":"test_suite_demo"},{"name":"subSuite","value":"PostJobRequest"},{"name":"host","value":"fv-az449-327"},{"name":"thread","value":"2370-MainThread"},{"name":"framework","value":"pytest"},{"name":"language","value":"cpython3"},{"name":"package","value":"tests.test_suite_demo"},{"name":"resultFormat","value":"allure2"}],"parameters":[],"links":[],"hidden":false,"retry":false,"extra":{"severity":"normal","retries":[],"categories":[{"name":"Product defects","matchedStatuses":[],"flaky":false}],"history":{"statistic":{"failed":1,"broken":1,"skipped":0,"passed":1,"unknown":0,"total":3},"items":[{"uid":"c41218b5c973f204","reportUrl":"https://suresh-chunduru.github.io/FlyerrUIAutomation/23//#testresult/c41218b5c973f204","status":"passed","time":{"start":1660128779405,"stop":1660128836047,"duration":56642}},{"uid":"a41a9b3eeeca6900","reportUrl":"https://suresh-chunduru.github.io/FlyerrUIAutomation/22//#testresult/a41a9b3eeeca6900","status":"broken","statusDetails":"TypeError: object of type 'NoneType' has no len()","time":{"start":1660127784624,"stop":1660127843361,"duration":58737}}]},"tags":["@pytest.mark.usefixtures('oneTimeSetUp', 'setUp')"]},"source":"8ca50cb03269a27d.json","parameterValues":[]}