{"uid":"f6998bcc8c40a140","name":"test_Login_Login_with_Google","fullName":"tests.test_suite_demo.LoginTest#test_Login_Login_with_Google","historyId":"0c43215cb02488ae8f5707a0aac395ed","time":{"start":1660132277833,"stop":1660132317008,"duration":39175},"status":"failed","statusMessage":"AssertionError: Navigation to login page failed","statusTrace":"self = <tests.test_login.LoginTest testMethod=test_Login_Login_with_Google>\n\n    @allure.story('KeyCloak')  # epic/story of the test case\n    # @allure.severity(allure.severity_level.MINOR) # severity of the test case\n    # @pytestrail.case('C48') # test case if on TestRail\n    def test_Login_Login_with_Google(self):\n        self.homeNavigation = HomeNavigation(self.driver)\n        self.loginPage = LoginPage(self.driver)\n        self.loggedInPage = LoggedInPage(self.driver)\n        self.ts = TestStatus(self.driver)\n    \n        with allure.step('Waiting for homepage to completely load'):\n            self.ts.markFinal(self.page_has_loaded(), \"Homepage loaded completely\", \"Homepage not loaded completely\")\n    \n        with allure.step('Navigate to login page'):\n            self.homeNavigation.goToLoginPage()\n>           self.ts.markFinal(self.loginPage.isAt, \"Navigation to login page\", \"Navigation to login page failed\")\n\ntests/test_login.py:175: \n_ _ _ _ _ _ _ _ _ _ _ _ _ _ _ _ _ _ _ _ _ _ _ _ _ _ _ _ _ _ _ _ _ _ _ _ _ _ _ _ \n\nself = <utilities.teststatus.TestStatus object at 0x7f983e3e4610>\nresult = False, passResultMessage = 'Navigation to login page'\nfailResultMessage = 'Navigation to login page failed'\n\n    def markFinal(self, result, passResultMessage, failResultMessage):\n        \"\"\"\n        Mark the final result of the verification point in a test case\n        This needs to be called at least once in a test case\n        This should be final test status of the test case\n        \"\"\"\n        self.setResult(result, passResultMessage, failResultMessage)\n        if \"FAIL\" in self.resultList:\n            self.resultList.clear()\n>           assert False, failResultMessage\nE           AssertionError: Navigation to login page failed\n\nutilities/teststatus.py:55: AssertionError","flaky":false,"newFailed":false,"newBroken":false,"newPassed":false,"retriesCount":0,"retriesStatusChange":false,"beforeStages":[{"name":"_unittest_setUpClass_fixture_LoginTest","time":{"start":1660132269439,"stop":1660132269439,"duration":0},"status":"passed","steps":[],"attachments":[],"parameters":[],"stepsCount":0,"attachmentsCount":0,"shouldDisplayMessage":false,"hasContent":false},{"name":"oneTimeSetUp","time":{"start":1660132269440,"stop":1660132269440,"duration":0},"status":"passed","steps":[],"attachments":[],"parameters":[],"stepsCount":0,"attachmentsCount":0,"shouldDisplayMessage":false,"hasContent":false},{"name":"setUp","time":{"start":1660132269440,"stop":1660132277831,"duration":8391},"status":"passed","steps":[],"attachments":[],"parameters":[],"stepsCount":0,"attachmentsCount":0,"shouldDisplayMessage":false,"hasContent":false}],"testStage":{"status":"failed","statusMessage":"AssertionError: Navigation to login page failed","statusTrace":"self = <tests.test_login.LoginTest testMethod=test_Login_Login_with_Google>\n\n    @allure.story('KeyCloak')  # epic/story of the test case\n    # @allure.severity(allure.severity_level.MINOR) # severity of the test case\n    # @pytestrail.case('C48') # test case if on TestRail\n    def test_Login_Login_with_Google(self):\n        self.homeNavigation = HomeNavigation(self.driver)\n        self.loginPage = LoginPage(self.driver)\n        self.loggedInPage = LoggedInPage(self.driver)\n        self.ts = TestStatus(self.driver)\n    \n        with allure.step('Waiting for homepage to completely load'):\n            self.ts.markFinal(self.page_has_loaded(), \"Homepage loaded completely\", \"Homepage not loaded completely\")\n    \n        with allure.step('Navigate to login page'):\n            self.homeNavigation.goToLoginPage()\n>           self.ts.markFinal(self.loginPage.isAt, \"Navigation to login page\", \"Navigation to login page failed\")\n\ntests/test_login.py:175: \n_ _ _ _ _ _ _ _ _ _ _ _ _ _ _ _ _ _ _ _ _ _ _ _ _ _ _ _ _ _ _ _ _ _ _ _ _ _ _ _ \n\nself = <utilities.teststatus.TestStatus object at 0x7f983e3e4610>\nresult = False, passResultMessage = 'Navigation to login page'\nfailResultMessage = 'Navigation to login page failed'\n\n    def markFinal(self, result, passResultMessage, failResultMessage):\n        \"\"\"\n        Mark the final result of the verification point in a test case\n        This needs to be called at least once in a test case\n        This should be final test status of the test case\n        \"\"\"\n        self.setResult(result, passResultMessage, failResultMessage)\n        if \"FAIL\" in self.resultList:\n            self.resultList.clear()\n>           assert False, failResultMessage\nE           AssertionError: Navigation to login page failed\n\nutilities/teststatus.py:55: AssertionError","steps":[{"name":"Waiting for homepage to completely load","time":{"start":1660132277833,"stop":1660132282553,"duration":4720},"status":"passed","steps":[],"attachments":[{"uid":"e1565f44be53a6fe","name":"Homepage loaded completely.1660132277838.png","source":"e1565f44be53a6fe.png","type":"image/png","size":330703}],"parameters":[],"stepsCount":0,"attachmentsCount":1,"shouldDisplayMessage":false,"hasContent":true},{"name":"Navigate to login page","time":{"start":1660132282553,"stop":1660132317007,"duration":34454},"status":"failed","statusMessage":"AssertionError: Navigation to login page failed\n","statusTrace":"  File \"/home/runner/work/FlyerrUIAutomation/FlyerrUIAutomation/tests/test_login.py\", line 175, in test_Login_Login_with_Google\n    self.ts.markFinal(self.loginPage.isAt, \"Navigation to login page\", \"Navigation to login page failed\")\n  File \"/home/runner/work/FlyerrUIAutomation/FlyerrUIAutomation/utilities/teststatus.py\", line 55, in markFinal\n    assert False, failResultMessage\n","steps":[],"attachments":[{"uid":"3650a34ad95dcf7","name":"Navigation to login page failed.1660132314591.png","source":"3650a34ad95dcf7.png","type":"image/png","size":330703}],"parameters":[],"stepsCount":0,"attachmentsCount":1,"shouldDisplayMessage":true,"hasContent":true}],"attachments":[{"uid":"e4cfea0596a5e760","name":"log","source":"e4cfea0596a5e760.txt","type":"text/plain","size":992},{"uid":"38bb716363f41ed2","name":"stdout","source":"38bb716363f41ed2.txt","type":"text/plain","size":100},{"uid":"d41601e16fb0b2e2","name":"stderr","source":"d41601e16fb0b2e2.txt","type":"text/plain","size":6754}],"parameters":[],"stepsCount":2,"attachmentsCount":5,"shouldDisplayMessage":true,"hasContent":true},"afterStages":[{"name":"setUp::0","time":{"start":1660132317060,"stop":1660132317139,"duration":79},"status":"passed","steps":[],"attachments":[],"parameters":[],"stepsCount":0,"attachmentsCount":0,"shouldDisplayMessage":false,"hasContent":false},{"name":"oneTimeSetUp::0","time":{"start":1660132317139,"stop":1660132317139,"duration":0},"status":"passed","steps":[],"attachments":[],"parameters":[],"stepsCount":0,"attachmentsCount":0,"shouldDisplayMessage":false,"hasContent":false},{"name":"_unittest_setUpClass_fixture_LoginTest::0","time":{"start":1660132317140,"stop":1660132317140,"duration":0},"status":"passed","steps":[],"attachments":[],"parameters":[],"stepsCount":0,"attachmentsCount":0,"shouldDisplayMessage":false,"hasContent":false}],"labels":[{"name":"story","value":"KeyCloak"},{"name":"tag","value":"@pytest.mark.usefixtures('oneTimeSetUp', 'setUp')"},{"name":"parentSuite","value":"tests"},{"name":"suite","value":"test_suite_demo"},{"name":"subSuite","value":"LoginTest"},{"name":"host","value":"fv-az449-327"},{"name":"thread","value":"2382-MainThread"},{"name":"framework","value":"pytest"},{"name":"language","value":"cpython3"},{"name":"package","value":"tests.test_suite_demo"},{"name":"resultFormat","value":"allure2"}],"parameters":[],"links":[],"hidden":false,"retry":false,"extra":{"severity":"normal","retries":[],"categories":[{"name":"Product defects","matchedStatuses":[],"flaky":false}],"history":{"statistic":{"failed":6,"broken":0,"skipped":0,"passed":0,"unknown":0,"total":6},"items":[{"uid":"b2c6c1227090de5","reportUrl":"https://suresh-chunduru.github.io/FlyerrUIAutomation/24//#testresult/b2c6c1227090de5","status":"failed","statusDetails":"AssertionError: Navigation to login page failed","time":{"start":1660132197424,"stop":1660132233670,"duration":36246}},{"uid":"a562002581324bb3","reportUrl":"https://suresh-chunduru.github.io/FlyerrUIAutomation/23//#testresult/a562002581324bb3","status":"failed","statusDetails":"AssertionError: Login with Google failed","time":{"start":1660128725911,"stop":1660128824291,"duration":98380}},{"uid":"740c38d870a82848","reportUrl":"https://suresh-chunduru.github.io/FlyerrUIAutomation/22//#testresult/740c38d870a82848","status":"failed","statusDetails":"AssertionError: Login with Google failed","time":{"start":1660127784954,"stop":1660127918008,"duration":133054}},{"uid":"f110fa18eb286c0d","reportUrl":"https://suresh-chunduru.github.io/FlyerrUIAutomation/21//#testresult/f110fa18eb286c0d","status":"failed","statusDetails":"AssertionError: Login with Google failed","time":{"start":1660121426913,"stop":1660121546697,"duration":119784}},{"uid":"f81808d5d8170398","reportUrl":"https://suresh-chunduru.github.io/FlyerrUIAutomation/20//#testresult/f81808d5d8170398","status":"failed","statusDetails":"AssertionError: Login with Google failed","time":{"start":1660120885868,"stop":1660121004773,"duration":118905}}]},"tags":["@pytest.mark.usefixtures('oneTimeSetUp', 'setUp')"]},"source":"f6998bcc8c40a140.json","parameterValues":[]}