{"uid":"ff3d3bc6f6cecac9","name":"test_Login_Login_with_InvalidCredentials_VerifyErrorMessage","fullName":"tests.test_suite_demo.LoginTest#test_Login_Login_with_InvalidCredentials_VerifyErrorMessage","historyId":"25a2b35d62e88b9560e9e6efcc61fdc4","time":{"start":1660132277748,"stop":1660132316997,"duration":39249},"status":"failed","statusMessage":"AssertionError: Navigation to login page failed","statusTrace":"self = <tests.test_login.LoginTest testMethod=test_Login_Login_with_InvalidCredentials_VerifyErrorMessage>\n\n    @allure.story('KeyCloak')  # epic/story of the test case\n    # @allure.severity(allure.severity_level.MINOR) # severity of the test case\n    # @pytestrail.case('C48') # test case if on TestRail\n    def test_Login_Login_with_InvalidCredentials_VerifyErrorMessage(self):\n    \n        self.homeNavigation = HomeNavigation(self.driver)\n        self.loginPage = LoginPage(self.driver)\n        self.loggedInPage = LoggedInPage(self.driver)\n        self.ts = TestStatus(self.driver)\n    \n        with allure.step('Waiting for homepage to completely load'):\n            self.ts.markFinal(self.page_has_loaded(), \"Homepage loaded completely\", \"Homepage not loaded completely\")\n    \n        with allure.step('Navigate to login page'):\n            self.homeNavigation.goToLoginPage()\n>           self.ts.markFinal(self.loginPage.isAt, \"Navigation to login page\", \"Navigation to login page failed\")\n\ntests/test_login.py:153: \n_ _ _ _ _ _ _ _ _ _ _ _ _ _ _ _ _ _ _ _ _ _ _ _ _ _ _ _ _ _ _ _ _ _ _ _ _ _ _ _ \n\nself = <utilities.teststatus.TestStatus object at 0x7efe7228e2c0>\nresult = False, passResultMessage = 'Navigation to login page'\nfailResultMessage = 'Navigation to login page failed'\n\n    def markFinal(self, result, passResultMessage, failResultMessage):\n        \"\"\"\n        Mark the final result of the verification point in a test case\n        This needs to be called at least once in a test case\n        This should be final test status of the test case\n        \"\"\"\n        self.setResult(result, passResultMessage, failResultMessage)\n        if \"FAIL\" in self.resultList:\n            self.resultList.clear()\n>           assert False, failResultMessage\nE           AssertionError: Navigation to login page failed\n\nutilities/teststatus.py:55: AssertionError","flaky":false,"newFailed":false,"newBroken":false,"newPassed":false,"retriesCount":0,"retriesStatusChange":false,"beforeStages":[{"name":"_unittest_setUpClass_fixture_LoginTest","time":{"start":1660132269442,"stop":1660132269442,"duration":0},"status":"passed","steps":[],"attachments":[],"parameters":[],"stepsCount":0,"attachmentsCount":0,"shouldDisplayMessage":false,"hasContent":false},{"name":"setUp","time":{"start":1660132269442,"stop":1660132277747,"duration":8305},"status":"passed","steps":[],"attachments":[],"parameters":[],"stepsCount":0,"attachmentsCount":0,"shouldDisplayMessage":false,"hasContent":false},{"name":"oneTimeSetUp","time":{"start":1660132269442,"stop":1660132269442,"duration":0},"status":"passed","steps":[],"attachments":[],"parameters":[],"stepsCount":0,"attachmentsCount":0,"shouldDisplayMessage":false,"hasContent":false}],"testStage":{"status":"failed","statusMessage":"AssertionError: Navigation to login page failed","statusTrace":"self = <tests.test_login.LoginTest testMethod=test_Login_Login_with_InvalidCredentials_VerifyErrorMessage>\n\n    @allure.story('KeyCloak')  # epic/story of the test case\n    # @allure.severity(allure.severity_level.MINOR) # severity of the test case\n    # @pytestrail.case('C48') # test case if on TestRail\n    def test_Login_Login_with_InvalidCredentials_VerifyErrorMessage(self):\n    \n        self.homeNavigation = HomeNavigation(self.driver)\n        self.loginPage = LoginPage(self.driver)\n        self.loggedInPage = LoggedInPage(self.driver)\n        self.ts = TestStatus(self.driver)\n    \n        with allure.step('Waiting for homepage to completely load'):\n            self.ts.markFinal(self.page_has_loaded(), \"Homepage loaded completely\", \"Homepage not loaded completely\")\n    \n        with allure.step('Navigate to login page'):\n            self.homeNavigation.goToLoginPage()\n>           self.ts.markFinal(self.loginPage.isAt, \"Navigation to login page\", \"Navigation to login page failed\")\n\ntests/test_login.py:153: \n_ _ _ _ _ _ _ _ _ _ _ _ _ _ _ _ _ _ _ _ _ _ _ _ _ _ _ _ _ _ _ _ _ _ _ _ _ _ _ _ \n\nself = <utilities.teststatus.TestStatus object at 0x7efe7228e2c0>\nresult = False, passResultMessage = 'Navigation to login page'\nfailResultMessage = 'Navigation to login page failed'\n\n    def markFinal(self, result, passResultMessage, failResultMessage):\n        \"\"\"\n        Mark the final result of the verification point in a test case\n        This needs to be called at least once in a test case\n        This should be final test status of the test case\n        \"\"\"\n        self.setResult(result, passResultMessage, failResultMessage)\n        if \"FAIL\" in self.resultList:\n            self.resultList.clear()\n>           assert False, failResultMessage\nE           AssertionError: Navigation to login page failed\n\nutilities/teststatus.py:55: AssertionError","steps":[{"name":"Waiting for homepage to completely load","time":{"start":1660132277753,"stop":1660132282461,"duration":4708},"status":"passed","steps":[],"attachments":[{"uid":"f884ab93d4b93f84","name":"Homepage loaded completely.1660132277776.png","source":"f884ab93d4b93f84.png","type":"image/png","size":330703}],"parameters":[],"stepsCount":0,"attachmentsCount":1,"shouldDisplayMessage":false,"hasContent":true},{"name":"Navigate to login page","time":{"start":1660132282461,"stop":1660132316997,"duration":34536},"status":"failed","statusMessage":"AssertionError: Navigation to login page failed\n","statusTrace":"  File \"/home/runner/work/FlyerrUIAutomation/FlyerrUIAutomation/tests/test_login.py\", line 153, in test_Login_Login_with_InvalidCredentials_VerifyErrorMessage\n    self.ts.markFinal(self.loginPage.isAt, \"Navigation to login page\", \"Navigation to login page failed\")\n  File \"/home/runner/work/FlyerrUIAutomation/FlyerrUIAutomation/utilities/teststatus.py\", line 55, in markFinal\n    assert False, failResultMessage\n","steps":[],"attachments":[{"uid":"43183f1e553edf7f","name":"Navigation to login page failed.1660132314498.png","source":"43183f1e553edf7f.png","type":"image/png","size":330703}],"parameters":[],"stepsCount":0,"attachmentsCount":1,"shouldDisplayMessage":true,"hasContent":true}],"attachments":[{"uid":"5248c0e6b0fe59ba","name":"log","source":"5248c0e6b0fe59ba.txt","type":"text/plain","size":992},{"uid":"6e8053ca54cab743","name":"stdout","source":"6e8053ca54cab743.txt","type":"text/plain","size":100},{"uid":"316ba8ab566fb847","name":"stderr","source":"316ba8ab566fb847.txt","type":"text/plain","size":6787}],"parameters":[],"stepsCount":2,"attachmentsCount":5,"shouldDisplayMessage":true,"hasContent":true},"afterStages":[{"name":"setUp::0","time":{"start":1660132317059,"stop":1660132317158,"duration":99},"status":"passed","steps":[],"attachments":[],"parameters":[],"stepsCount":0,"attachmentsCount":0,"shouldDisplayMessage":false,"hasContent":false},{"name":"_unittest_setUpClass_fixture_LoginTest::0","time":{"start":1660132317159,"stop":1660132317159,"duration":0},"status":"passed","steps":[],"attachments":[],"parameters":[],"stepsCount":0,"attachmentsCount":0,"shouldDisplayMessage":false,"hasContent":false},{"name":"oneTimeSetUp::0","time":{"start":1660132317159,"stop":1660132317159,"duration":0},"status":"passed","steps":[],"attachments":[],"parameters":[],"stepsCount":0,"attachmentsCount":0,"shouldDisplayMessage":false,"hasContent":false}],"labels":[{"name":"story","value":"KeyCloak"},{"name":"tag","value":"@pytest.mark.usefixtures('oneTimeSetUp', 'setUp')"},{"name":"parentSuite","value":"tests"},{"name":"suite","value":"test_suite_demo"},{"name":"subSuite","value":"LoginTest"},{"name":"host","value":"fv-az449-327"},{"name":"thread","value":"2388-MainThread"},{"name":"framework","value":"pytest"},{"name":"language","value":"cpython3"},{"name":"package","value":"tests.test_suite_demo"},{"name":"resultFormat","value":"allure2"}],"parameters":[],"links":[],"hidden":false,"retry":false,"extra":{"severity":"normal","retries":[],"categories":[{"name":"Product defects","matchedStatuses":[],"flaky":false}],"history":{"statistic":{"failed":2,"broken":1,"skipped":0,"passed":3,"unknown":0,"total":6},"items":[{"uid":"4b1e8b74474c3e6f","reportUrl":"https://suresh-chunduru.github.io/FlyerrUIAutomation/24//#testresult/4b1e8b74474c3e6f","status":"failed","statusDetails":"AssertionError: Navigation to login page failed","time":{"start":1660132197213,"stop":1660132233437,"duration":36224}},{"uid":"81f16b6a70fc3fd6","reportUrl":"https://suresh-chunduru.github.io/FlyerrUIAutomation/23//#testresult/81f16b6a70fc3fd6","status":"passed","time":{"start":1660128725498,"stop":1660128758753,"duration":33255}},{"uid":"3b75c8cc0808b11","reportUrl":"https://suresh-chunduru.github.io/FlyerrUIAutomation/22//#testresult/3b75c8cc0808b11","status":"broken","statusDetails":"TypeError: object of type 'NoneType' has no len()","time":{"start":1660127787200,"stop":1660127843532,"duration":56332}},{"uid":"381b7788e2c2f37d","reportUrl":"https://suresh-chunduru.github.io/FlyerrUIAutomation/21//#testresult/381b7788e2c2f37d","status":"passed","time":{"start":1660121428343,"stop":1660121481174,"duration":52831}},{"uid":"58ab6d30629f7f65","reportUrl":"https://suresh-chunduru.github.io/FlyerrUIAutomation/20//#testresult/58ab6d30629f7f65","status":"passed","time":{"start":1660120886452,"stop":1660120940191,"duration":53739}}]},"tags":["@pytest.mark.usefixtures('oneTimeSetUp', 'setUp')"]},"source":"ff3d3bc6f6cecac9.json","parameterValues":[]}