{"uid":"3bdf0d7605906162","name":"test_Profile_Individual_Flyer_EditProfile","fullName":"tests.test_suite_demo.ProfileTest#test_Profile_Individual_Flyer_EditProfile","historyId":"95b3d702906cfd25c0335746d4c44f6f","time":{"start":1660214850178,"stop":1660214931929,"duration":81751},"status":"failed","statusMessage":"AssertionError: Navigation to profile page failed","statusTrace":"self = <tests.test_profile.ProfileTest testMethod=test_Profile_Individual_Flyer_EditProfile>\n\n    @allure.story('Profile')  # epic/story of the test case\n    # @allure.severity(allure.severity_level.MINOR) # severity of the test case\n    # @pytestrail.case('C48') # test case if on TestRail\n    def test_Profile_Individual_Flyer_EditProfile(self):\n        self.homeNavigation = HomeNavigation(self.driver)\n        self.loggedInNavigation = LoggedInNavigation(self.driver)\n        self.profileNavigation = ProfileNavigation(self.driver)\n        self.loginPage = LoginPage(self.driver)\n        self.loggedInPage = LoggedInPage(self.driver)\n        self.profilePage = ProfilePage(self.driver)\n        self.ts = TestStatus(self.driver)\n    \n        with allure.step('Waiting for homepage to completely load'):\n            self.ts.markFinal(self.page_has_loaded(), \"Homepage loaded completely\", \"Homepage not loaded completely\")\n    \n        with allure.step('Navigate to login page'):\n            self.homeNavigation.goToLoginPage()\n            self.ts.markFinal(self.loginPage.isAt, \"Navigation to login page\", \"Navigation to login page failed\")\n    \n        with allure.step('Login with IndividualAccount credentials'):\n            self.loginPage.loginAndRefresh(username=td.testData(\"loginData.individual.username\"), password=td.testData(\"loginData.individual.password\"))\n            self.ts.markFinal(self.loggedInPage.isAt, \"Login with IndividualAccount successful\", \"Login with IndividualAccount failed\")\n    \n        with allure.step('Navigate to Profile Page'):\n            self.loggedInNavigation.goToProfilePage()\n>           self.ts.markFinal(self.profilePage.isAt, \"Navigation to profile page\", \"Navigation to profile page failed\")\n\ntests/test_profile.py:75: \n_ _ _ _ _ _ _ _ _ _ _ _ _ _ _ _ _ _ _ _ _ _ _ _ _ _ _ _ _ _ _ _ _ _ _ _ _ _ _ _ \n\nself = <utilities.teststatus.TestStatus object at 0x7f3d9e4ed390>\nresult = False, passResultMessage = 'Navigation to profile page'\nfailResultMessage = 'Navigation to profile page failed'\n\n    def markFinal(self, result, passResultMessage, failResultMessage):\n        \"\"\"\n        Mark the final result of the verification point in a test case\n        This needs to be called at least once in a test case\n        This should be final test status of the test case\n        \"\"\"\n        self.setResult(result, passResultMessage, failResultMessage)\n        if \"FAIL\" in self.resultList:\n            self.resultList.clear()\n>           assert False, failResultMessage\nE           AssertionError: Navigation to profile page failed\n\nutilities/teststatus.py:55: AssertionError","flaky":true,"newFailed":true,"newBroken":false,"newPassed":false,"retriesCount":0,"retriesStatusChange":false,"beforeStages":[{"name":"oneTimeSetUp","time":{"start":1660214845211,"stop":1660214845211,"duration":0},"status":"passed","steps":[],"attachments":[],"parameters":[],"stepsCount":0,"attachmentsCount":0,"shouldDisplayMessage":false,"hasContent":false},{"name":"setUp","time":{"start":1660214845211,"stop":1660214850177,"duration":4966},"status":"passed","steps":[],"attachments":[],"parameters":[],"stepsCount":0,"attachmentsCount":0,"shouldDisplayMessage":false,"hasContent":false},{"name":"_unittest_setUpClass_fixture_ProfileTest","time":{"start":1660214845211,"stop":1660214845211,"duration":0},"status":"passed","steps":[],"attachments":[],"parameters":[],"stepsCount":0,"attachmentsCount":0,"shouldDisplayMessage":false,"hasContent":false}],"testStage":{"status":"failed","statusMessage":"AssertionError: Navigation to profile page failed","statusTrace":"self = <tests.test_profile.ProfileTest testMethod=test_Profile_Individual_Flyer_EditProfile>\n\n    @allure.story('Profile')  # epic/story of the test case\n    # @allure.severity(allure.severity_level.MINOR) # severity of the test case\n    # @pytestrail.case('C48') # test case if on TestRail\n    def test_Profile_Individual_Flyer_EditProfile(self):\n        self.homeNavigation = HomeNavigation(self.driver)\n        self.loggedInNavigation = LoggedInNavigation(self.driver)\n        self.profileNavigation = ProfileNavigation(self.driver)\n        self.loginPage = LoginPage(self.driver)\n        self.loggedInPage = LoggedInPage(self.driver)\n        self.profilePage = ProfilePage(self.driver)\n        self.ts = TestStatus(self.driver)\n    \n        with allure.step('Waiting for homepage to completely load'):\n            self.ts.markFinal(self.page_has_loaded(), \"Homepage loaded completely\", \"Homepage not loaded completely\")\n    \n        with allure.step('Navigate to login page'):\n            self.homeNavigation.goToLoginPage()\n            self.ts.markFinal(self.loginPage.isAt, \"Navigation to login page\", \"Navigation to login page failed\")\n    \n        with allure.step('Login with IndividualAccount credentials'):\n            self.loginPage.loginAndRefresh(username=td.testData(\"loginData.individual.username\"), password=td.testData(\"loginData.individual.password\"))\n            self.ts.markFinal(self.loggedInPage.isAt, \"Login with IndividualAccount successful\", \"Login with IndividualAccount failed\")\n    \n        with allure.step('Navigate to Profile Page'):\n            self.loggedInNavigation.goToProfilePage()\n>           self.ts.markFinal(self.profilePage.isAt, \"Navigation to profile page\", \"Navigation to profile page failed\")\n\ntests/test_profile.py:75: \n_ _ _ _ _ _ _ _ _ _ _ _ _ _ _ _ _ _ _ _ _ _ _ _ _ _ _ _ _ _ _ _ _ _ _ _ _ _ _ _ \n\nself = <utilities.teststatus.TestStatus object at 0x7f3d9e4ed390>\nresult = False, passResultMessage = 'Navigation to profile page'\nfailResultMessage = 'Navigation to profile page failed'\n\n    def markFinal(self, result, passResultMessage, failResultMessage):\n        \"\"\"\n        Mark the final result of the verification point in a test case\n        This needs to be called at least once in a test case\n        This should be final test status of the test case\n        \"\"\"\n        self.setResult(result, passResultMessage, failResultMessage)\n        if \"FAIL\" in self.resultList:\n            self.resultList.clear()\n>           assert False, failResultMessage\nE           AssertionError: Navigation to profile page failed\n\nutilities/teststatus.py:55: AssertionError","steps":[{"name":"Waiting for homepage to completely load","time":{"start":1660214850179,"stop":1660214852835,"duration":2656},"status":"passed","steps":[],"attachments":[{"uid":"a6d35d56938c654e","name":"Homepage loaded completely.1660214850437.png","source":"a6d35d56938c654e.png","type":"image/png","size":52402}],"parameters":[],"stepsCount":0,"attachmentsCount":1,"shouldDisplayMessage":false,"hasContent":true},{"name":"Navigate to login page","time":{"start":1660214852835,"stop":1660214861116,"duration":8281},"status":"passed","steps":[],"attachments":[{"uid":"cc483a13ba96a462","name":"Navigation to login page.1660214856914.png","source":"cc483a13ba96a462.png","type":"image/png","size":164992}],"parameters":[],"stepsCount":0,"attachmentsCount":1,"shouldDisplayMessage":false,"hasContent":true},{"name":"Login with IndividualAccount credentials","time":{"start":1660214861116,"stop":1660214877267,"duration":16151},"status":"passed","steps":[],"attachments":[{"uid":"8eb4c3a65408265e","name":"Login with IndividualAccount successful.1660214874407.png","source":"8eb4c3a65408265e.png","type":"image/png","size":342903}],"parameters":[],"stepsCount":0,"attachmentsCount":1,"shouldDisplayMessage":false,"hasContent":true},{"name":"Navigate to Profile Page","time":{"start":1660214877267,"stop":1660214931927,"duration":54660},"status":"failed","statusMessage":"AssertionError: Navigation to profile page failed\n","statusTrace":"  File \"/home/runner/work/FlyerrUIAutomation/FlyerrUIAutomation/tests/test_profile.py\", line 75, in test_Profile_Individual_Flyer_EditProfile\n    self.ts.markFinal(self.profilePage.isAt, \"Navigation to profile page\", \"Navigation to profile page failed\")\n  File \"/home/runner/work/FlyerrUIAutomation/FlyerrUIAutomation/utilities/teststatus.py\", line 55, in markFinal\n    assert False, failResultMessage\n","steps":[],"attachments":[{"uid":"4fede8779db83026","name":"Navigation to profile page failed.1660214931366.png","source":"4fede8779db83026.png","type":"image/png","size":342903}],"parameters":[],"stepsCount":0,"attachmentsCount":1,"shouldDisplayMessage":true,"hasContent":true}],"attachments":[{"uid":"5f2a2ff48ad1ac8b","name":"log","source":"5f2a2ff48ad1ac8b.txt","type":"text/plain","size":3375},{"uid":"697d9458c970c925","name":"stdout","source":"697d9458c970c925.txt","type":"text/plain","size":100},{"uid":"70fbc9d98c6cad83","name":"stderr","source":"70fbc9d98c6cad83.txt","type":"text/plain","size":13089}],"parameters":[],"stepsCount":4,"attachmentsCount":7,"shouldDisplayMessage":true,"hasContent":true},"afterStages":[{"name":"setUp::0","time":{"start":1660214931945,"stop":1660214932014,"duration":69},"status":"passed","steps":[],"attachments":[],"parameters":[],"stepsCount":0,"attachmentsCount":0,"shouldDisplayMessage":false,"hasContent":false},{"name":"oneTimeSetUp::0","time":{"start":1660214932015,"stop":1660214932015,"duration":0},"status":"passed","steps":[],"attachments":[],"parameters":[],"stepsCount":0,"attachmentsCount":0,"shouldDisplayMessage":false,"hasContent":false},{"name":"_unittest_setUpClass_fixture_ProfileTest::0","time":{"start":1660214932015,"stop":1660214932015,"duration":0},"status":"passed","steps":[],"attachments":[],"parameters":[],"stepsCount":0,"attachmentsCount":0,"shouldDisplayMessage":false,"hasContent":false}],"labels":[{"name":"story","value":"Profile"},{"name":"tag","value":"@pytest.mark.usefixtures('oneTimeSetUp', 'setUp')"},{"name":"parentSuite","value":"tests"},{"name":"suite","value":"test_suite_demo"},{"name":"subSuite","value":"ProfileTest"},{"name":"host","value":"fv-az123-483"},{"name":"thread","value":"2317-MainThread"},{"name":"framework","value":"pytest"},{"name":"language","value":"cpython3"},{"name":"package","value":"tests.test_suite_demo"},{"name":"resultFormat","value":"allure2"}],"parameters":[],"links":[],"hidden":false,"retry":false,"extra":{"severity":"normal","retries":[],"categories":[{"name":"Product defects","matchedStatuses":[],"flaky":false}],"history":{"statistic":{"failed":3,"broken":0,"skipped":0,"passed":5,"unknown":0,"total":8},"items":[{"uid":"5f2729f40bf1c1e3","reportUrl":"https://suresh-chunduru.github.io/FlyerrUIAutomation/27//#testresult/5f2729f40bf1c1e3","status":"passed","time":{"start":1660214746399,"stop":1660214827552,"duration":81153}},{"uid":"f6ec0178e908eb0e","reportUrl":"https://suresh-chunduru.github.io/FlyerrUIAutomation/26//#testresult/f6ec0178e908eb0e","status":"failed","statusDetails":"AssertionError: Navigation to profile page failed","time":{"start":1660135113105,"stop":1660135188749,"duration":75644}},{"uid":"fcdab864d5e69795","reportUrl":"https://suresh-chunduru.github.io/FlyerrUIAutomation/25//#testresult/fcdab864d5e69795","status":"failed","statusDetails":"AssertionError: Navigation to login page failed","time":{"start":1660132322145,"stop":1660132360338,"duration":38193}},{"uid":"c3e997c7d1e96cdd","reportUrl":"https://suresh-chunduru.github.io/FlyerrUIAutomation/23//#testresult/c3e997c7d1e96cdd","status":"passed","time":{"start":1660128765301,"stop":1660128859196,"duration":93895}},{"uid":"e387340037b41704","reportUrl":"https://suresh-chunduru.github.io/FlyerrUIAutomation/22//#testresult/e387340037b41704","status":"passed","time":{"start":1660127785702,"stop":1660127907631,"duration":121929}},{"uid":"630a626821641ca9","reportUrl":"https://suresh-chunduru.github.io/FlyerrUIAutomation/21//#testresult/630a626821641ca9","status":"passed","time":{"start":1660121426727,"stop":1660121542427,"duration":115700}},{"uid":"51c267ec2f909f63","reportUrl":"https://suresh-chunduru.github.io/FlyerrUIAutomation/20//#testresult/51c267ec2f909f63","status":"passed","time":{"start":1660120886588,"stop":1660120998901,"duration":112313}}]},"tags":["@pytest.mark.usefixtures('oneTimeSetUp', 'setUp')"]},"source":"3bdf0d7605906162.json","parameterValues":[]}