{"uid":"684f93ff315f0d3d","name":"test_Profile_Individual_Flyer_EditSkills","fullName":"tests.test_suite_demo.ProfileTest#test_Profile_Individual_Flyer_EditSkills","historyId":"92973f1edbc8522e4fe5585e717a8ed3","time":{"start":1660214849617,"stop":1660214933490,"duration":83873},"status":"failed","statusMessage":"AssertionError: Navigation to profile page failed","statusTrace":"self = <tests.test_profile.ProfileTest testMethod=test_Profile_Individual_Flyer_EditSkills>\n\n    @allure.story('Profile')  # epic/story of the test case\n    # @allure.severity(allure.severity_level.MINOR) # severity of the test case\n    # @pytestrail.case('C48') # test case if on TestRail\n    def test_Profile_Individual_Flyer_EditSkills(self):\n        self.homeNavigation = HomeNavigation(self.driver)\n        self.loggedInNavigation = LoggedInNavigation(self.driver)\n        self.profileNavigation = ProfileNavigation(self.driver)\n        self.loginPage = LoginPage(self.driver)\n        self.loggedInPage = LoggedInPage(self.driver)\n        self.profilePage = ProfilePage(self.driver)\n        self.ts = TestStatus(self.driver)\n    \n        with allure.step('Waiting for homepage to completely load'):\n            self.ts.markFinal(self.page_has_loaded(), \"Homepage loaded completely\", \"Homepage not loaded completely\")\n    \n        with allure.step('Navigate to login page'):\n            self.homeNavigation.goToLoginPage()\n            self.ts.markFinal(self.loginPage.isAt, \"Navigation to login page\", \"Navigation to login page failed\")\n    \n        with allure.step('Login with IndividualAccount credentials'):\n            self.loginPage.loginAndRefresh(username=td.testData(\"loginData.individual.username\"),\n                                           password=td.testData(\"loginData.individual.password\"))\n            self.ts.markFinal(self.loggedInPage.isAt, \"Login with IndividualAccount successful\",\n                              \"Login with IndividualAccount failed\")\n    \n        with allure.step('Navigate to Profile Page'):\n            self.loggedInNavigation.goToProfilePage()\n>           self.ts.markFinal(self.profilePage.isAt, \"Navigation to profile page\", \"Navigation to profile page failed\")\n\ntests/test_profile.py:183: \n_ _ _ _ _ _ _ _ _ _ _ _ _ _ _ _ _ _ _ _ _ _ _ _ _ _ _ _ _ _ _ _ _ _ _ _ _ _ _ _ \n\nself = <utilities.teststatus.TestStatus object at 0x7f1356090a60>\nresult = False, passResultMessage = 'Navigation to profile page'\nfailResultMessage = 'Navigation to profile page failed'\n\n    def markFinal(self, result, passResultMessage, failResultMessage):\n        \"\"\"\n        Mark the final result of the verification point in a test case\n        This needs to be called at least once in a test case\n        This should be final test status of the test case\n        \"\"\"\n        self.setResult(result, passResultMessage, failResultMessage)\n        if \"FAIL\" in self.resultList:\n            self.resultList.clear()\n>           assert False, failResultMessage\nE           AssertionError: Navigation to profile page failed\n\nutilities/teststatus.py:55: AssertionError","flaky":true,"newFailed":true,"newBroken":false,"newPassed":false,"retriesCount":0,"retriesStatusChange":false,"beforeStages":[{"name":"setUp","time":{"start":1660214844472,"stop":1660214849616,"duration":5144},"status":"passed","steps":[],"attachments":[],"parameters":[],"stepsCount":0,"attachmentsCount":0,"shouldDisplayMessage":false,"hasContent":false},{"name":"oneTimeSetUp","time":{"start":1660214844472,"stop":1660214844472,"duration":0},"status":"passed","steps":[],"attachments":[],"parameters":[],"stepsCount":0,"attachmentsCount":0,"shouldDisplayMessage":false,"hasContent":false},{"name":"_unittest_setUpClass_fixture_ProfileTest","time":{"start":1660214844472,"stop":1660214844472,"duration":0},"status":"passed","steps":[],"attachments":[],"parameters":[],"stepsCount":0,"attachmentsCount":0,"shouldDisplayMessage":false,"hasContent":false}],"testStage":{"status":"failed","statusMessage":"AssertionError: Navigation to profile page failed","statusTrace":"self = <tests.test_profile.ProfileTest testMethod=test_Profile_Individual_Flyer_EditSkills>\n\n    @allure.story('Profile')  # epic/story of the test case\n    # @allure.severity(allure.severity_level.MINOR) # severity of the test case\n    # @pytestrail.case('C48') # test case if on TestRail\n    def test_Profile_Individual_Flyer_EditSkills(self):\n        self.homeNavigation = HomeNavigation(self.driver)\n        self.loggedInNavigation = LoggedInNavigation(self.driver)\n        self.profileNavigation = ProfileNavigation(self.driver)\n        self.loginPage = LoginPage(self.driver)\n        self.loggedInPage = LoggedInPage(self.driver)\n        self.profilePage = ProfilePage(self.driver)\n        self.ts = TestStatus(self.driver)\n    \n        with allure.step('Waiting for homepage to completely load'):\n            self.ts.markFinal(self.page_has_loaded(), \"Homepage loaded completely\", \"Homepage not loaded completely\")\n    \n        with allure.step('Navigate to login page'):\n            self.homeNavigation.goToLoginPage()\n            self.ts.markFinal(self.loginPage.isAt, \"Navigation to login page\", \"Navigation to login page failed\")\n    \n        with allure.step('Login with IndividualAccount credentials'):\n            self.loginPage.loginAndRefresh(username=td.testData(\"loginData.individual.username\"),\n                                           password=td.testData(\"loginData.individual.password\"))\n            self.ts.markFinal(self.loggedInPage.isAt, \"Login with IndividualAccount successful\",\n                              \"Login with IndividualAccount failed\")\n    \n        with allure.step('Navigate to Profile Page'):\n            self.loggedInNavigation.goToProfilePage()\n>           self.ts.markFinal(self.profilePage.isAt, \"Navigation to profile page\", \"Navigation to profile page failed\")\n\ntests/test_profile.py:183: \n_ _ _ _ _ _ _ _ _ _ _ _ _ _ _ _ _ _ _ _ _ _ _ _ _ _ _ _ _ _ _ _ _ _ _ _ _ _ _ _ \n\nself = <utilities.teststatus.TestStatus object at 0x7f1356090a60>\nresult = False, passResultMessage = 'Navigation to profile page'\nfailResultMessage = 'Navigation to profile page failed'\n\n    def markFinal(self, result, passResultMessage, failResultMessage):\n        \"\"\"\n        Mark the final result of the verification point in a test case\n        This needs to be called at least once in a test case\n        This should be final test status of the test case\n        \"\"\"\n        self.setResult(result, passResultMessage, failResultMessage)\n        if \"FAIL\" in self.resultList:\n            self.resultList.clear()\n>           assert False, failResultMessage\nE           AssertionError: Navigation to profile page failed\n\nutilities/teststatus.py:55: AssertionError","steps":[{"name":"Waiting for homepage to completely load","time":{"start":1660214849618,"stop":1660214852130,"duration":2512},"status":"passed","steps":[],"attachments":[{"uid":"38ec6679921b9ef4","name":"Homepage loaded completely.1660214849654.png","source":"38ec6679921b9ef4.png","type":"image/png","size":52402}],"parameters":[],"stepsCount":0,"attachmentsCount":1,"shouldDisplayMessage":false,"hasContent":true},{"name":"Navigate to login page","time":{"start":1660214852130,"stop":1660214863721,"duration":11591},"status":"passed","steps":[],"attachments":[{"uid":"8a518fb76beda7e8","name":"Navigation to login page.1660214859217.png","source":"8a518fb76beda7e8.png","type":"image/png","size":164992}],"parameters":[],"stepsCount":0,"attachmentsCount":1,"shouldDisplayMessage":false,"hasContent":true},{"name":"Login with IndividualAccount credentials","time":{"start":1660214863721,"stop":1660214878462,"duration":14741},"status":"passed","steps":[],"attachments":[{"uid":"a104aa1d078d7b5b","name":"Login with IndividualAccount successful.1660214875939.png","source":"a104aa1d078d7b5b.png","type":"image/png","size":342903}],"parameters":[],"stepsCount":0,"attachmentsCount":1,"shouldDisplayMessage":false,"hasContent":true},{"name":"Navigate to Profile Page","time":{"start":1660214878462,"stop":1660214933487,"duration":55025},"status":"failed","statusMessage":"AssertionError: Navigation to profile page failed\n","statusTrace":"  File \"/home/runner/work/FlyerrUIAutomation/FlyerrUIAutomation/tests/test_profile.py\", line 183, in test_Profile_Individual_Flyer_EditSkills\n    self.ts.markFinal(self.profilePage.isAt, \"Navigation to profile page\", \"Navigation to profile page failed\")\n  File \"/home/runner/work/FlyerrUIAutomation/FlyerrUIAutomation/utilities/teststatus.py\", line 55, in markFinal\n    assert False, failResultMessage\n","steps":[],"attachments":[{"uid":"a6cd7a16e77b76e3","name":"Navigation to profile page failed.1660214932597.png","source":"a6cd7a16e77b76e3.png","type":"image/png","size":342903}],"parameters":[],"stepsCount":0,"attachmentsCount":1,"shouldDisplayMessage":true,"hasContent":true}],"attachments":[{"uid":"d0bcb3fec0cfc421","name":"log","source":"d0bcb3fec0cfc421.txt","type":"text/plain","size":3375},{"uid":"362a3a9d504195c2","name":"stdout","source":"362a3a9d504195c2.txt","type":"text/plain","size":100},{"uid":"b769e436e6094552","name":"stderr","source":"b769e436e6094552.txt","type":"text/plain","size":13089}],"parameters":[],"stepsCount":4,"attachmentsCount":7,"shouldDisplayMessage":true,"hasContent":true},"afterStages":[{"name":"setUp::0","time":{"start":1660214933567,"stop":1660214933676,"duration":109},"status":"passed","steps":[],"attachments":[],"parameters":[],"stepsCount":0,"attachmentsCount":0,"shouldDisplayMessage":false,"hasContent":false},{"name":"oneTimeSetUp::0","time":{"start":1660214933677,"stop":1660214933677,"duration":0},"status":"passed","steps":[],"attachments":[],"parameters":[],"stepsCount":0,"attachmentsCount":0,"shouldDisplayMessage":false,"hasContent":false},{"name":"_unittest_setUpClass_fixture_ProfileTest::0","time":{"start":1660214933677,"stop":1660214933677,"duration":0},"status":"passed","steps":[],"attachments":[],"parameters":[],"stepsCount":0,"attachmentsCount":0,"shouldDisplayMessage":false,"hasContent":false}],"labels":[{"name":"story","value":"Profile"},{"name":"tag","value":"@pytest.mark.usefixtures('oneTimeSetUp', 'setUp')"},{"name":"parentSuite","value":"tests"},{"name":"suite","value":"test_suite_demo"},{"name":"subSuite","value":"ProfileTest"},{"name":"host","value":"fv-az123-483"},{"name":"thread","value":"2326-MainThread"},{"name":"framework","value":"pytest"},{"name":"language","value":"cpython3"},{"name":"package","value":"tests.test_suite_demo"},{"name":"resultFormat","value":"allure2"}],"parameters":[],"links":[],"hidden":false,"retry":false,"extra":{"severity":"normal","retries":[],"categories":[{"name":"Product defects","matchedStatuses":[],"flaky":false}],"history":{"statistic":{"failed":4,"broken":0,"skipped":0,"passed":4,"unknown":0,"total":8},"items":[{"uid":"a10e588f68aa2867","reportUrl":"https://suresh-chunduru.github.io/FlyerrUIAutomation/27//#testresult/a10e588f68aa2867","status":"passed","time":{"start":1660214748819,"stop":1660214831417,"duration":82598}},{"uid":"66a473f63c81a1c0","reportUrl":"https://suresh-chunduru.github.io/FlyerrUIAutomation/26//#testresult/66a473f63c81a1c0","status":"passed","time":{"start":1660135118824,"stop":1660135204554,"duration":85730}},{"uid":"26d2e7e5d69828e1","reportUrl":"https://suresh-chunduru.github.io/FlyerrUIAutomation/25//#testresult/26d2e7e5d69828e1","status":"failed","statusDetails":"AssertionError: Navigation to login page failed","time":{"start":1660132321818,"stop":1660132360618,"duration":38800}},{"uid":"83d925e99a144c6c","reportUrl":"https://suresh-chunduru.github.io/FlyerrUIAutomation/23//#testresult/83d925e99a144c6c","status":"passed","time":{"start":1660128766978,"stop":1660128864699,"duration":97721}},{"uid":"45141c07db6f77aa","reportUrl":"https://suresh-chunduru.github.io/FlyerrUIAutomation/22//#testresult/45141c07db6f77aa","status":"passed","time":{"start":1660127787543,"stop":1660127916440,"duration":128897}},{"uid":"25d5caeb34c64d50","reportUrl":"https://suresh-chunduru.github.io/FlyerrUIAutomation/21//#testresult/25d5caeb34c64d50","status":"failed","statusDetails":"AssertionError: Navigation to profile page failed","time":{"start":1660121427577,"stop":1660121540682,"duration":113105}},{"uid":"d1194804e2cbc728","reportUrl":"https://suresh-chunduru.github.io/FlyerrUIAutomation/20//#testresult/d1194804e2cbc728","status":"failed","statusDetails":"AssertionError: Navigation to profile page failed","time":{"start":1660120888606,"stop":1660120998665,"duration":110059}}]},"tags":["@pytest.mark.usefixtures('oneTimeSetUp', 'setUp')"]},"source":"684f93ff315f0d3d.json","parameterValues":[]}