{"uid":"25ca0b3379bcd507","name":"test_Admin_Verify_Admin_Page","fullName":"tests.test_suite_demo.AdminConfigurationsTest#test_Admin_Verify_Admin_Page","historyId":"08e18268b4a5922701a45ee96386644f","time":{"start":1660132197196,"stop":1660132233786,"duration":36590},"status":"failed","statusMessage":"AssertionError: Navigation to login page failed","statusTrace":"self = <tests.test_adminConfiguration.AdminConfigurationsTest testMethod=test_Admin_Verify_Admin_Page>\n\n    @allure.story('AdminConfiguration')  # epic/story of the test case\n    @allure.severity(allure.severity_level.MINOR)  # severity of the test case\n    # @pytestrail.case('C48') # test case if on TestRail\n    def test_Admin_Verify_Admin_Page(self):\n        self.homeNavigation = HomeNavigation(self.driver)\n        self.loginNavigation = LoginNavigation(self.driver)\n        self.loginPage = LoginPage(self.driver)\n        self.loggedInPage = LoggedInPage(self.driver)\n        self.adminConfigurationPage = AdminConfigurationPage(self.driver)\n        self.ts = TestStatus(self.driver)\n    \n        with allure.step('Waiting for homepage to completely load'):\n            self.ts.markFinal(self.page_has_loaded(), \"Homepage loaded completely\", \"Homepage not loaded completely\")\n    \n        with allure.step('Navigate to login page'):\n            self.homeNavigation.goToLoginPage()\n>           self.ts.markFinal(self.loginPage.isAt, \"Navigation to login page\", \"Navigation to login page failed\")\n\ntests/test_adminConfiguration.py:43: \n_ _ _ _ _ _ _ _ _ _ _ _ _ _ _ _ _ _ _ _ _ _ _ _ _ _ _ _ _ _ _ _ _ _ _ _ _ _ _ _ \n\nself = <utilities.teststatus.TestStatus object at 0x7feba5eb5ff0>\nresult = False, passResultMessage = 'Navigation to login page'\nfailResultMessage = 'Navigation to login page failed'\n\n    def markFinal(self, result, passResultMessage, failResultMessage):\n        \"\"\"\n        Mark the final result of the verification point in a test case\n        This needs to be called at least once in a test case\n        This should be final test status of the test case\n        \"\"\"\n        self.setResult(result, passResultMessage, failResultMessage)\n        if \"FAIL\" in self.resultList:\n            self.resultList.clear()\n>           assert False, failResultMessage\nE           AssertionError: Navigation to login page failed\n\nutilities/teststatus.py:55: AssertionError","flaky":false,"newFailed":true,"newBroken":false,"newPassed":false,"retriesCount":0,"retriesStatusChange":false,"beforeStages":[{"name":"_unittest_setUpClass_fixture_AdminConfigurationsTest","time":{"start":1660132185169,"stop":1660132185169,"duration":0},"status":"passed","steps":[],"attachments":[],"parameters":[],"stepsCount":0,"attachmentsCount":0,"shouldDisplayMessage":false,"hasContent":false},{"name":"setUp","time":{"start":1660132185169,"stop":1660132197187,"duration":12018},"status":"passed","steps":[],"attachments":[],"parameters":[],"stepsCount":0,"attachmentsCount":0,"shouldDisplayMessage":false,"hasContent":false},{"name":"oneTimeSetUp","time":{"start":1660132185169,"stop":1660132185169,"duration":0},"status":"passed","steps":[],"attachments":[],"parameters":[],"stepsCount":0,"attachmentsCount":0,"shouldDisplayMessage":false,"hasContent":false}],"testStage":{"status":"failed","statusMessage":"AssertionError: Navigation to login page failed","statusTrace":"self = <tests.test_adminConfiguration.AdminConfigurationsTest testMethod=test_Admin_Verify_Admin_Page>\n\n    @allure.story('AdminConfiguration')  # epic/story of the test case\n    @allure.severity(allure.severity_level.MINOR)  # severity of the test case\n    # @pytestrail.case('C48') # test case if on TestRail\n    def test_Admin_Verify_Admin_Page(self):\n        self.homeNavigation = HomeNavigation(self.driver)\n        self.loginNavigation = LoginNavigation(self.driver)\n        self.loginPage = LoginPage(self.driver)\n        self.loggedInPage = LoggedInPage(self.driver)\n        self.adminConfigurationPage = AdminConfigurationPage(self.driver)\n        self.ts = TestStatus(self.driver)\n    \n        with allure.step('Waiting for homepage to completely load'):\n            self.ts.markFinal(self.page_has_loaded(), \"Homepage loaded completely\", \"Homepage not loaded completely\")\n    \n        with allure.step('Navigate to login page'):\n            self.homeNavigation.goToLoginPage()\n>           self.ts.markFinal(self.loginPage.isAt, \"Navigation to login page\", \"Navigation to login page failed\")\n\ntests/test_adminConfiguration.py:43: \n_ _ _ _ _ _ _ _ _ _ _ _ _ _ _ _ _ _ _ _ _ _ _ _ _ _ _ _ _ _ _ _ _ _ _ _ _ _ _ _ \n\nself = <utilities.teststatus.TestStatus object at 0x7feba5eb5ff0>\nresult = False, passResultMessage = 'Navigation to login page'\nfailResultMessage = 'Navigation to login page failed'\n\n    def markFinal(self, result, passResultMessage, failResultMessage):\n        \"\"\"\n        Mark the final result of the verification point in a test case\n        This needs to be called at least once in a test case\n        This should be final test status of the test case\n        \"\"\"\n        self.setResult(result, passResultMessage, failResultMessage)\n        if \"FAIL\" in self.resultList:\n            self.resultList.clear()\n>           assert False, failResultMessage\nE           AssertionError: Navigation to login page failed\n\nutilities/teststatus.py:55: AssertionError","steps":[{"name":"Waiting for homepage to completely load","time":{"start":1660132197197,"stop":1660132199840,"duration":2643},"status":"passed","steps":[],"attachments":[{"uid":"8ccd0393038dfb33","name":"Homepage loaded completely.1660132197250.png","source":"8ccd0393038dfb33.png","type":"image/png","size":40707}],"parameters":[],"stepsCount":0,"attachmentsCount":1,"shouldDisplayMessage":false,"hasContent":true},{"name":"Navigate to login page","time":{"start":1660132199840,"stop":1660132233786,"duration":33946},"status":"failed","statusMessage":"AssertionError: Navigation to login page failed\n","statusTrace":"  File \"/home/runner/work/FlyerrUIAutomation/FlyerrUIAutomation/tests/test_adminConfiguration.py\", line 43, in test_Admin_Verify_Admin_Page\n    self.ts.markFinal(self.loginPage.isAt, \"Navigation to login page\", \"Navigation to login page failed\")\n  File \"/home/runner/work/FlyerrUIAutomation/FlyerrUIAutomation/utilities/teststatus.py\", line 55, in markFinal\n    assert False, failResultMessage\n","steps":[],"attachments":[{"uid":"ad3975752866b57","name":"Navigation to login page failed.1660132231937.png","source":"ad3975752866b57.png","type":"image/png","size":330703}],"parameters":[],"stepsCount":0,"attachmentsCount":1,"shouldDisplayMessage":true,"hasContent":true}],"attachments":[{"uid":"30246c4dc2992d50","name":"log","source":"30246c4dc2992d50.txt","type":"text/plain","size":992},{"uid":"cc3da803c73130d5","name":"stdout","source":"cc3da803c73130d5.txt","type":"text/plain","size":100},{"uid":"c8459d4fefbaff1","name":"stderr","source":"c8459d4fefbaff1.txt","type":"text/plain","size":6849}],"parameters":[],"stepsCount":2,"attachmentsCount":5,"shouldDisplayMessage":true,"hasContent":true},"afterStages":[{"name":"setUp::0","time":{"start":1660132233850,"stop":1660132233913,"duration":63},"status":"passed","steps":[],"attachments":[],"parameters":[],"stepsCount":0,"attachmentsCount":0,"shouldDisplayMessage":false,"hasContent":false},{"name":"_unittest_setUpClass_fixture_AdminConfigurationsTest::0","time":{"start":1660132233914,"stop":1660132233914,"duration":0},"status":"passed","steps":[],"attachments":[],"parameters":[],"stepsCount":0,"attachmentsCount":0,"shouldDisplayMessage":false,"hasContent":false},{"name":"oneTimeSetUp::0","time":{"start":1660132233914,"stop":1660132233914,"duration":0},"status":"passed","steps":[],"attachments":[],"parameters":[],"stepsCount":0,"attachmentsCount":0,"shouldDisplayMessage":false,"hasContent":false}],"labels":[{"name":"severity","value":"minor"},{"name":"story","value":"AdminConfiguration"},{"name":"tag","value":"@pytest.mark.usefixtures('oneTimeSetUp', 'setUp')"},{"name":"parentSuite","value":"tests"},{"name":"suite","value":"test_suite_demo"},{"name":"subSuite","value":"AdminConfigurationsTest"},{"name":"host","value":"fv-az462-115"},{"name":"thread","value":"2291-MainThread"},{"name":"framework","value":"pytest"},{"name":"language","value":"cpython3"},{"name":"package","value":"tests.test_suite_demo"},{"name":"resultFormat","value":"allure2"}],"parameters":[],"links":[],"hidden":false,"retry":false,"extra":{"severity":"minor","retries":[],"categories":[{"name":"Product defects","matchedStatuses":[],"flaky":false}],"history":{"statistic":{"failed":1,"broken":0,"skipped":0,"passed":4,"unknown":0,"total":5},"items":[{"uid":"55a4e5fa27936ef4","reportUrl":"https://suresh-chunduru.github.io/FlyerrUIAutomation/23//#testresult/55a4e5fa27936ef4","status":"passed","time":{"start":1660128725991,"stop":1660128772732,"duration":46741}},{"uid":"41de3564a59a0798","reportUrl":"https://suresh-chunduru.github.io/FlyerrUIAutomation/22//#testresult/41de3564a59a0798","status":"passed","time":{"start":1660127787068,"stop":1660127859341,"duration":72273}},{"uid":"8d5b51c99d2a7ba","reportUrl":"https://suresh-chunduru.github.io/FlyerrUIAutomation/21//#testresult/8d5b51c99d2a7ba","status":"passed","time":{"start":1660121427613,"stop":1660121489109,"duration":61496}},{"uid":"eb82071d21d6697","reportUrl":"https://suresh-chunduru.github.io/FlyerrUIAutomation/20//#testresult/eb82071d21d6697","status":"passed","time":{"start":1660120886785,"stop":1660120947736,"duration":60951}}]},"tags":["@pytest.mark.usefixtures('oneTimeSetUp', 'setUp')"]},"source":"25ca0b3379bcd507.json","parameterValues":[]}