{"uid":"56cd1c272f74c51b","name":"test_Login_Login_with_Admin","fullName":"tests.test_suite_demo.LoginTest#test_Login_Login_with_Admin","historyId":"47fcb167892f9a2261a581716279c6db","time":{"start":1660132197201,"stop":1660132233666,"duration":36465},"status":"failed","statusMessage":"AssertionError: Navigation to login page failed","statusTrace":"self = <tests.test_login.LoginTest testMethod=test_Login_Login_with_Admin>\n\n    @allure.story('KeyCloak')  # epic/story of the test case\n    # @allure.severity(allure.severity_level.MINOR) # severity of the test case\n    # @pytestrail.case('C48') # test case if on TestRail\n    def test_Login_Login_with_Admin(self):\n    \n        self.homeNavigation = HomeNavigation(self.driver)\n        self.loginPage = LoginPage(self.driver)\n        self.loggedInPage = LoggedInPage(self.driver)\n        self.ts = TestStatus(self.driver)\n    \n        with allure.step('Waiting for homepage to completely load'):\n            self.ts.markFinal(self.page_has_loaded(), \"Homepage loaded completely\", \"Homepage not loaded completely\")\n    \n        with allure.step('Navigate to login page'):\n            self.homeNavigation.goToLoginPage()\n>           self.ts.markFinal(self.loginPage.isAt, \"Navigation to login page\", \"Navigation to login page failed\")\n\ntests/test_login.py:87: \n_ _ _ _ _ _ _ _ _ _ _ _ _ _ _ _ _ _ _ _ _ _ _ _ _ _ _ _ _ _ _ _ _ _ _ _ _ _ _ _ \n\nself = <utilities.teststatus.TestStatus object at 0x7f1c538d4af0>\nresult = False, passResultMessage = 'Navigation to login page'\nfailResultMessage = 'Navigation to login page failed'\n\n    def markFinal(self, result, passResultMessage, failResultMessage):\n        \"\"\"\n        Mark the final result of the verification point in a test case\n        This needs to be called at least once in a test case\n        This should be final test status of the test case\n        \"\"\"\n        self.setResult(result, passResultMessage, failResultMessage)\n        if \"FAIL\" in self.resultList:\n            self.resultList.clear()\n>           assert False, failResultMessage\nE           AssertionError: Navigation to login page failed\n\nutilities/teststatus.py:55: AssertionError","flaky":false,"newFailed":true,"newBroken":false,"newPassed":false,"retriesCount":0,"retriesStatusChange":false,"beforeStages":[{"name":"_unittest_setUpClass_fixture_LoginTest","time":{"start":1660132185166,"stop":1660132185167,"duration":1},"status":"passed","steps":[],"attachments":[],"parameters":[],"stepsCount":0,"attachmentsCount":0,"shouldDisplayMessage":false,"hasContent":false},{"name":"setUp","time":{"start":1660132185167,"stop":1660132197179,"duration":12012},"status":"passed","steps":[],"attachments":[],"parameters":[],"stepsCount":0,"attachmentsCount":0,"shouldDisplayMessage":false,"hasContent":false},{"name":"oneTimeSetUp","time":{"start":1660132185167,"stop":1660132185167,"duration":0},"status":"passed","steps":[],"attachments":[],"parameters":[],"stepsCount":0,"attachmentsCount":0,"shouldDisplayMessage":false,"hasContent":false}],"testStage":{"status":"failed","statusMessage":"AssertionError: Navigation to login page failed","statusTrace":"self = <tests.test_login.LoginTest testMethod=test_Login_Login_with_Admin>\n\n    @allure.story('KeyCloak')  # epic/story of the test case\n    # @allure.severity(allure.severity_level.MINOR) # severity of the test case\n    # @pytestrail.case('C48') # test case if on TestRail\n    def test_Login_Login_with_Admin(self):\n    \n        self.homeNavigation = HomeNavigation(self.driver)\n        self.loginPage = LoginPage(self.driver)\n        self.loggedInPage = LoggedInPage(self.driver)\n        self.ts = TestStatus(self.driver)\n    \n        with allure.step('Waiting for homepage to completely load'):\n            self.ts.markFinal(self.page_has_loaded(), \"Homepage loaded completely\", \"Homepage not loaded completely\")\n    \n        with allure.step('Navigate to login page'):\n            self.homeNavigation.goToLoginPage()\n>           self.ts.markFinal(self.loginPage.isAt, \"Navigation to login page\", \"Navigation to login page failed\")\n\ntests/test_login.py:87: \n_ _ _ _ _ _ _ _ _ _ _ _ _ _ _ _ _ _ _ _ _ _ _ _ _ _ _ _ _ _ _ _ _ _ _ _ _ _ _ _ \n\nself = <utilities.teststatus.TestStatus object at 0x7f1c538d4af0>\nresult = False, passResultMessage = 'Navigation to login page'\nfailResultMessage = 'Navigation to login page failed'\n\n    def markFinal(self, result, passResultMessage, failResultMessage):\n        \"\"\"\n        Mark the final result of the verification point in a test case\n        This needs to be called at least once in a test case\n        This should be final test status of the test case\n        \"\"\"\n        self.setResult(result, passResultMessage, failResultMessage)\n        if \"FAIL\" in self.resultList:\n            self.resultList.clear()\n>           assert False, failResultMessage\nE           AssertionError: Navigation to login page failed\n\nutilities/teststatus.py:55: AssertionError","steps":[{"name":"Waiting for homepage to completely load","time":{"start":1660132197202,"stop":1660132199810,"duration":2608},"status":"passed","steps":[],"attachments":[{"uid":"2aa4fe085da1fd5b","name":"Homepage loaded completely.1660132197274.png","source":"2aa4fe085da1fd5b.png","type":"image/png","size":40707}],"parameters":[],"stepsCount":0,"attachmentsCount":1,"shouldDisplayMessage":false,"hasContent":true},{"name":"Navigate to login page","time":{"start":1660132199810,"stop":1660132233666,"duration":33856},"status":"failed","statusMessage":"AssertionError: Navigation to login page failed\n","statusTrace":"  File \"/home/runner/work/FlyerrUIAutomation/FlyerrUIAutomation/tests/test_login.py\", line 87, in test_Login_Login_with_Admin\n    self.ts.markFinal(self.loginPage.isAt, \"Navigation to login page\", \"Navigation to login page failed\")\n  File \"/home/runner/work/FlyerrUIAutomation/FlyerrUIAutomation/utilities/teststatus.py\", line 55, in markFinal\n    assert False, failResultMessage\n","steps":[],"attachments":[{"uid":"ca39f1ca16fb8e6b","name":"Navigation to login page failed.1660132231938.png","source":"ca39f1ca16fb8e6b.png","type":"image/png","size":330703}],"parameters":[],"stepsCount":0,"attachmentsCount":1,"shouldDisplayMessage":true,"hasContent":true}],"attachments":[{"uid":"b37d1dccb1bf294d","name":"log","source":"b37d1dccb1bf294d.txt","type":"text/plain","size":992},{"uid":"225c5663b74e121d","name":"stdout","source":"225c5663b74e121d.txt","type":"text/plain","size":100},{"uid":"764efade515ccfcb","name":"stderr","source":"764efade515ccfcb.txt","type":"text/plain","size":6831}],"parameters":[],"stepsCount":2,"attachmentsCount":5,"shouldDisplayMessage":true,"hasContent":true},"afterStages":[{"name":"setUp::0","time":{"start":1660132233800,"stop":1660132233888,"duration":88},"status":"passed","steps":[],"attachments":[],"parameters":[],"stepsCount":0,"attachmentsCount":0,"shouldDisplayMessage":false,"hasContent":false},{"name":"oneTimeSetUp::0","time":{"start":1660132233889,"stop":1660132233889,"duration":0},"status":"passed","steps":[],"attachments":[],"parameters":[],"stepsCount":0,"attachmentsCount":0,"shouldDisplayMessage":false,"hasContent":false},{"name":"_unittest_setUpClass_fixture_LoginTest::0","time":{"start":1660132233889,"stop":1660132233889,"duration":0},"status":"passed","steps":[],"attachments":[],"parameters":[],"stepsCount":0,"attachmentsCount":0,"shouldDisplayMessage":false,"hasContent":false}],"labels":[{"name":"story","value":"KeyCloak"},{"name":"tag","value":"@pytest.mark.usefixtures('oneTimeSetUp', 'setUp')"},{"name":"parentSuite","value":"tests"},{"name":"suite","value":"test_suite_demo"},{"name":"subSuite","value":"LoginTest"},{"name":"host","value":"fv-az462-115"},{"name":"thread","value":"2296-MainThread"},{"name":"framework","value":"pytest"},{"name":"language","value":"cpython3"},{"name":"package","value":"tests.test_suite_demo"},{"name":"resultFormat","value":"allure2"}],"parameters":[],"links":[],"hidden":false,"retry":false,"extra":{"severity":"normal","retries":[],"categories":[{"name":"Product defects","matchedStatuses":[],"flaky":false}],"history":{"statistic":{"failed":1,"broken":1,"skipped":0,"passed":3,"unknown":0,"total":5},"items":[{"uid":"875acf23413dea6","reportUrl":"https://suresh-chunduru.github.io/FlyerrUIAutomation/23//#testresult/875acf23413dea6","status":"passed","time":{"start":1660128724496,"stop":1660128759296,"duration":34800}},{"uid":"2395718b22f4ab92","reportUrl":"https://suresh-chunduru.github.io/FlyerrUIAutomation/22//#testresult/2395718b22f4ab92","status":"broken","statusDetails":"TypeError: object of type 'NoneType' has no len()","time":{"start":1660127784323,"stop":1660127843890,"duration":59567}},{"uid":"396467e5e0db75ab","reportUrl":"https://suresh-chunduru.github.io/FlyerrUIAutomation/21//#testresult/396467e5e0db75ab","status":"passed","time":{"start":1660121426739,"stop":1660121481207,"duration":54468}},{"uid":"45638c6d1e20cd51","reportUrl":"https://suresh-chunduru.github.io/FlyerrUIAutomation/20//#testresult/45638c6d1e20cd51","status":"passed","time":{"start":1660120885814,"stop":1660120940025,"duration":54211}}]},"tags":["@pytest.mark.usefixtures('oneTimeSetUp', 'setUp')"]},"source":"56cd1c272f74c51b.json","parameterValues":[]}