{"uid":"912e960a393b3bf3","name":"test_Login_Login_with_BusinessAccount","fullName":"tests.test_suite_demo.LoginTest#test_Login_Login_with_BusinessAccount","historyId":"ad6a6eeb9196a324085d0376d1ce8016","time":{"start":1660132197199,"stop":1660132234712,"duration":37513},"status":"failed","statusMessage":"AssertionError: Navigation to login page failed","statusTrace":"self = <tests.test_login.LoginTest testMethod=test_Login_Login_with_BusinessAccount>\n\n    @allure.story('KeyCloak')  # epic/story of the test case\n    # @allure.severity(allure.severity_level.MINOR) # severity of the test case\n    # @pytestrail.case('C48') # test case if on TestRail\n    def test_Login_Login_with_BusinessAccount(self):\n    \n        self.homeNavigation = HomeNavigation(self.driver)\n        self.loginPage = LoginPage(self.driver)\n        self.loggedInPage = LoggedInPage(self.driver)\n        self.ts = TestStatus(self.driver)\n    \n        with allure.step('Waiting for homepage to completely load'):\n            self.ts.markFinal(self.page_has_loaded(), \"Homepage loaded completely\", \"Homepage not loaded completely\")\n    \n        with allure.step('Navigate to login page'):\n            self.homeNavigation.goToLoginPage()\n>           self.ts.markFinal(self.loginPage.isAt, \"Navigation to login page\", \"Navigation to login page failed\")\n\ntests/test_login.py:131: \n_ _ _ _ _ _ _ _ _ _ _ _ _ _ _ _ _ _ _ _ _ _ _ _ _ _ _ _ _ _ _ _ _ _ _ _ _ _ _ _ \n\nself = <utilities.teststatus.TestStatus object at 0x7f3b1467caf0>\nresult = False, passResultMessage = 'Navigation to login page'\nfailResultMessage = 'Navigation to login page failed'\n\n    def markFinal(self, result, passResultMessage, failResultMessage):\n        \"\"\"\n        Mark the final result of the verification point in a test case\n        This needs to be called at least once in a test case\n        This should be final test status of the test case\n        \"\"\"\n        self.setResult(result, passResultMessage, failResultMessage)\n        if \"FAIL\" in self.resultList:\n            self.resultList.clear()\n>           assert False, failResultMessage\nE           AssertionError: Navigation to login page failed\n\nutilities/teststatus.py:55: AssertionError","flaky":false,"newFailed":true,"newBroken":false,"newPassed":false,"retriesCount":0,"retriesStatusChange":false,"beforeStages":[{"name":"_unittest_setUpClass_fixture_LoginTest","time":{"start":1660132185171,"stop":1660132185171,"duration":0},"status":"passed","steps":[],"attachments":[],"parameters":[],"stepsCount":0,"attachmentsCount":0,"shouldDisplayMessage":false,"hasContent":false},{"name":"oneTimeSetUp","time":{"start":1660132185171,"stop":1660132185171,"duration":0},"status":"passed","steps":[],"attachments":[],"parameters":[],"stepsCount":0,"attachmentsCount":0,"shouldDisplayMessage":false,"hasContent":false},{"name":"setUp","time":{"start":1660132185171,"stop":1660132197189,"duration":12018},"status":"passed","steps":[],"attachments":[],"parameters":[],"stepsCount":0,"attachmentsCount":0,"shouldDisplayMessage":false,"hasContent":false}],"testStage":{"status":"failed","statusMessage":"AssertionError: Navigation to login page failed","statusTrace":"self = <tests.test_login.LoginTest testMethod=test_Login_Login_with_BusinessAccount>\n\n    @allure.story('KeyCloak')  # epic/story of the test case\n    # @allure.severity(allure.severity_level.MINOR) # severity of the test case\n    # @pytestrail.case('C48') # test case if on TestRail\n    def test_Login_Login_with_BusinessAccount(self):\n    \n        self.homeNavigation = HomeNavigation(self.driver)\n        self.loginPage = LoginPage(self.driver)\n        self.loggedInPage = LoggedInPage(self.driver)\n        self.ts = TestStatus(self.driver)\n    \n        with allure.step('Waiting for homepage to completely load'):\n            self.ts.markFinal(self.page_has_loaded(), \"Homepage loaded completely\", \"Homepage not loaded completely\")\n    \n        with allure.step('Navigate to login page'):\n            self.homeNavigation.goToLoginPage()\n>           self.ts.markFinal(self.loginPage.isAt, \"Navigation to login page\", \"Navigation to login page failed\")\n\ntests/test_login.py:131: \n_ _ _ _ _ _ _ _ _ _ _ _ _ _ _ _ _ _ _ _ _ _ _ _ _ _ _ _ _ _ _ _ _ _ _ _ _ _ _ _ \n\nself = <utilities.teststatus.TestStatus object at 0x7f3b1467caf0>\nresult = False, passResultMessage = 'Navigation to login page'\nfailResultMessage = 'Navigation to login page failed'\n\n    def markFinal(self, result, passResultMessage, failResultMessage):\n        \"\"\"\n        Mark the final result of the verification point in a test case\n        This needs to be called at least once in a test case\n        This should be final test status of the test case\n        \"\"\"\n        self.setResult(result, passResultMessage, failResultMessage)\n        if \"FAIL\" in self.resultList:\n            self.resultList.clear()\n>           assert False, failResultMessage\nE           AssertionError: Navigation to login page failed\n\nutilities/teststatus.py:55: AssertionError","steps":[{"name":"Waiting for homepage to completely load","time":{"start":1660132197199,"stop":1660132201601,"duration":4402},"status":"passed","steps":[],"attachments":[{"uid":"4c8a43f13dd59c0","name":"Homepage loaded completely.1660132197220.png","source":"4c8a43f13dd59c0.png","type":"image/png","size":330703}],"parameters":[],"stepsCount":0,"attachmentsCount":1,"shouldDisplayMessage":false,"hasContent":true},{"name":"Navigate to login page","time":{"start":1660132201601,"stop":1660132234711,"duration":33110},"status":"failed","statusMessage":"AssertionError: Navigation to login page failed\n","statusTrace":"  File \"/home/runner/work/FlyerrUIAutomation/FlyerrUIAutomation/tests/test_login.py\", line 131, in test_Login_Login_with_BusinessAccount\n    self.ts.markFinal(self.loginPage.isAt, \"Navigation to login page\", \"Navigation to login page failed\")\n  File \"/home/runner/work/FlyerrUIAutomation/FlyerrUIAutomation/utilities/teststatus.py\", line 55, in markFinal\n    assert False, failResultMessage\n","steps":[],"attachments":[{"uid":"7696cbb23d54c054","name":"Navigation to login page failed.1660132233693.png","source":"7696cbb23d54c054.png","type":"image/png","size":330703}],"parameters":[],"stepsCount":0,"attachmentsCount":1,"shouldDisplayMessage":true,"hasContent":true}],"attachments":[{"uid":"fd97542ec602645c","name":"log","source":"fd97542ec602645c.txt","type":"text/plain","size":992},{"uid":"170266dad08cae01","name":"stdout","source":"170266dad08cae01.txt","type":"text/plain","size":100},{"uid":"d453dd81d03eeb78","name":"stderr","source":"d453dd81d03eeb78.txt","type":"text/plain","size":6844}],"parameters":[],"stepsCount":2,"attachmentsCount":5,"shouldDisplayMessage":true,"hasContent":true},"afterStages":[{"name":"setUp::0","time":{"start":1660132234734,"stop":1660132234863,"duration":129},"status":"passed","steps":[],"attachments":[],"parameters":[],"stepsCount":0,"attachmentsCount":0,"shouldDisplayMessage":false,"hasContent":false},{"name":"_unittest_setUpClass_fixture_LoginTest::0","time":{"start":1660132234864,"stop":1660132234864,"duration":0},"status":"passed","steps":[],"attachments":[],"parameters":[],"stepsCount":0,"attachmentsCount":0,"shouldDisplayMessage":false,"hasContent":false},{"name":"oneTimeSetUp::0","time":{"start":1660132234864,"stop":1660132234864,"duration":0},"status":"passed","steps":[],"attachments":[],"parameters":[],"stepsCount":0,"attachmentsCount":0,"shouldDisplayMessage":false,"hasContent":false}],"labels":[{"name":"story","value":"KeyCloak"},{"name":"tag","value":"@pytest.mark.usefixtures('oneTimeSetUp', 'setUp')"},{"name":"parentSuite","value":"tests"},{"name":"suite","value":"test_suite_demo"},{"name":"subSuite","value":"LoginTest"},{"name":"host","value":"fv-az462-115"},{"name":"thread","value":"2300-MainThread"},{"name":"framework","value":"pytest"},{"name":"language","value":"cpython3"},{"name":"package","value":"tests.test_suite_demo"},{"name":"resultFormat","value":"allure2"}],"parameters":[],"links":[],"hidden":false,"retry":false,"extra":{"severity":"normal","retries":[],"categories":[{"name":"Product defects","matchedStatuses":[],"flaky":false}],"history":{"statistic":{"failed":1,"broken":0,"skipped":0,"passed":4,"unknown":0,"total":5},"items":[{"uid":"90df752209de7da8","reportUrl":"https://suresh-chunduru.github.io/FlyerrUIAutomation/23//#testresult/90df752209de7da8","status":"passed","time":{"start":1660128727061,"stop":1660128763134,"duration":36073}},{"uid":"97f01e903d4fcb04","reportUrl":"https://suresh-chunduru.github.io/FlyerrUIAutomation/22//#testresult/97f01e903d4fcb04","status":"passed","time":{"start":1660127787690,"stop":1660127853479,"duration":65789}},{"uid":"d41d39523bf55727","reportUrl":"https://suresh-chunduru.github.io/FlyerrUIAutomation/21//#testresult/d41d39523bf55727","status":"passed","time":{"start":1660121427826,"stop":1660121484237,"duration":56411}},{"uid":"1fe747999483a9bf","reportUrl":"https://suresh-chunduru.github.io/FlyerrUIAutomation/20//#testresult/1fe747999483a9bf","status":"passed","time":{"start":1660120886481,"stop":1660120939331,"duration":52850}}]},"tags":["@pytest.mark.usefixtures('oneTimeSetUp', 'setUp')"]},"source":"912e960a393b3bf3.json","parameterValues":[]}